The system is: Linux - 3.10.0-514.el7.x86_64 - x86_64
Compiling the C compiler identification source file "CMakeCCompilerId.c" succeeded.
Compiler: /opt/hisi-linux/x86-arm/arm-hisiv400-linux/target/bin/arm-hisiv400-linux-gcc 
Build flags: 
Id flags:  

The output was:
0


Compilation of the C compiler identification source "CMakeCCompilerId.c" produced "a.out"

The C compiler identification is GNU, found in "/home/night/myshare/mywork/Clion/test/cmake-build-debug-hisiv400/CMakeFiles/3.12.0-rc1/CompilerIdC/a.out"

Compiling the CXX compiler identification source file "CMakeCXXCompilerId.cpp" succeeded.
Compiler: /opt/hisi-linux/x86-arm/arm-hisiv400-linux/target/bin/arm-hisiv400-linux-g++ 
Build flags: 
Id flags:  

The output was:
0


Compilation of the CXX compiler identification source "CMakeCXXCompilerId.cpp" produced "a.out"

The CXX compiler identification is GNU, found in "/home/night/myshare/mywork/Clion/test/cmake-build-debug-hisiv400/CMakeFiles/3.12.0-rc1/CompilerIdCXX/a.out"

Determining if the C compiler works passed with the following output:
Change Dir: /home/night/myshare/mywork/Clion/test/cmake-build-debug-hisiv400/CMakeFiles/CMakeTmp

Run Build Command:"/usr/bin/gmake" "cmTC_ee96e/fast"
/usr/bin/gmake -f CMakeFiles/cmTC_ee96e.dir/build.make CMakeFiles/cmTC_ee96e.dir/build
gmake[1]: Entering directory `/home/night/myshare/mywork/Clion/test/cmake-build-debug-hisiv400/CMakeFiles/CMakeTmp'
Building C object CMakeFiles/cmTC_ee96e.dir/testCCompiler.c.o
/opt/hisi-linux/x86-arm/arm-hisiv400-linux/target/bin/arm-hisiv400-linux-gcc    -o CMakeFiles/cmTC_ee96e.dir/testCCompiler.c.o   -c /home/night/myshare/mywork/Clion/test/cmake-build-debug-hisiv400/CMakeFiles/CMakeTmp/testCCompiler.c
Linking C executable cmTC_ee96e
/usr/local/bin/cmake -E cmake_link_script CMakeFiles/cmTC_ee96e.dir/link.txt --verbose=1
/opt/hisi-linux/x86-arm/arm-hisiv400-linux/target/bin/arm-hisiv400-linux-gcc      CMakeFiles/cmTC_ee96e.dir/testCCompiler.c.o  -o cmTC_ee96e 
gmake[1]: Leaving directory `/home/night/myshare/mywork/Clion/test/cmake-build-debug-hisiv400/CMakeFiles/CMakeTmp'


Detecting C compiler ABI info compiled with the following output:
Change Dir: /home/night/myshare/mywork/Clion/test/cmake-build-debug-hisiv400/CMakeFiles/CMakeTmp

Run Build Command:"/usr/bin/gmake" "cmTC_c2225/fast"
/usr/bin/gmake -f CMakeFiles/cmTC_c2225.dir/build.make CMakeFiles/cmTC_c2225.dir/build
gmake[1]: Entering directory `/home/night/myshare/mywork/Clion/test/cmake-build-debug-hisiv400/CMakeFiles/CMakeTmp'
Building C object CMakeFiles/cmTC_c2225.dir/CMakeCCompilerABI.c.o
/opt/hisi-linux/x86-arm/arm-hisiv400-linux/target/bin/arm-hisiv400-linux-gcc    -o CMakeFiles/cmTC_c2225.dir/CMakeCCompilerABI.c.o   -c /usr/local/share/cmake-3.12/Modules/CMakeCCompilerABI.c
Linking C executable cmTC_c2225
/usr/local/bin/cmake -E cmake_link_script CMakeFiles/cmTC_c2225.dir/link.txt --verbose=1
/opt/hisi-linux/x86-arm/arm-hisiv400-linux/target/bin/arm-hisiv400-linux-gcc     -v CMakeFiles/cmTC_c2225.dir/CMakeCCompilerABI.c.o  -o cmTC_c2225 
Using built-in specs.
COLLECT_GCC=/opt/hisi-linux/x86-arm/arm-hisiv400-linux/target/bin/arm-hisiv400-linux-gcc
COLLECT_LTO_WRAPPER=/opt/hisi-linux/x86-arm/arm-hisiv400-linux/bin/../libexec/gcc/arm-hisiv400-linux-gnueabi/4.8.3/lto-wrapper
Target: arm-hisiv400-linux-gnueabi
Configured with: '../gcc~linaro-4.8-2013.12/configure' --host=i386-redhat-linux --build=i386-redhat-linux --target=arm-hisiv400-linux-gnueabi --prefix=/home/sying/wucaiyuan_toolchain/v400/glibc_gcc4.8_linaro_toolchain/install/arm-hisiv400-linux --enable-threads --disable-libmudflap --disable-libssp --disable-libstdcxx-pch --with-arch=armv5te --with-gnu-as --with-gnu-ld --enable-languages=c,c++ --enable-shared --enable-lto --enable-symvers=gnu --enable-__cxa_atexit --enable-nls --enable-clocale=gnu --enable-extra-hisi-multilibs --with-sysroot=/home/sying/wucaiyuan_toolchain/v400/glibc_gcc4.8_linaro_toolchain/install/arm-hisiv400-linux/target --with-build-sysroot=/home/sying/wucaiyuan_toolchain/v400/glibc_gcc4.8_linaro_toolchain/install/arm-hisiv400-linux/target --with-gmp=/home/sying/wucaiyuan_toolchain/v400/glibc_gcc4.8_linaro_toolchain/install/host_lib --with-mpfr=/home/sying/wucaiyuan_toolchain/v400/glibc_gcc4.8_linaro_toolchain/install/host_lib --with-mpc=/home/sying/wucaiyuan_toolchain/v400/glibc_gcc4.8_linaro_toolchain/install/host_lib --with-ppl=/home/sying/wucaiyuan_toolchain/v400/glibc_gcc4.8_linaro_toolchain/install/host_lib --with-cloog=/home/sying/wucaiyuan_toolchain/v400/glibc_gcc4.8_linaro_toolchain/install/host_lib --with-libelf=/home/sying/wucaiyuan_toolchain/v400/glibc_gcc4.8_linaro_toolchain/install/host_lib --enable-libgomp --disable-libitm --enable-poison-system-directories --with-libelf=/home/sying/wucaiyuan_toolchain/v400/glibc_gcc4.8_linaro_toolchain/install/host_lib --with-pkgversion=Hisilicon_v400 --with-bugurl=http://www.hisilicon.com/cn/service/claim.html
Thread model: posix
gcc version 4.8.3 20131202 (prerelease) (Hisilicon_v400) 
COMPILER_PATH=/opt/hisi-linux/x86-arm/arm-hisiv400-linux/bin/../libexec/gcc/arm-hisiv400-linux-gnueabi/4.8.3/:/opt/hisi-linux/x86-arm/arm-hisiv400-linux/bin/../libexec/gcc/:/opt/hisi-linux/x86-arm/arm-hisiv400-linux/bin/../lib/gcc/arm-hisiv400-linux-gnueabi/4.8.3/../../../../arm-hisiv400-linux-gnueabi/bin/
LIBRARY_PATH=/opt/hisi-linux/x86-arm/arm-hisiv400-linux/bin/../lib/gcc/arm-hisiv400-linux-gnueabi/4.8.3/:/opt/hisi-linux/x86-arm/arm-hisiv400-linux/bin/../lib/gcc/:/opt/hisi-linux/x86-arm/arm-hisiv400-linux/bin/../lib/gcc/arm-hisiv400-linux-gnueabi/4.8.3/../../../../arm-hisiv400-linux-gnueabi/lib/:/opt/hisi-linux/x86-arm/arm-hisiv400-linux/bin/../target/lib/:/opt/hisi-linux/x86-arm/arm-hisiv400-linux/bin/../target/usr/lib/
COLLECT_GCC_OPTIONS='-v' '-o' 'cmTC_c2225' '-march=armv5te' '-mtls-dialect=gnu'
 /opt/hisi-linux/x86-arm/arm-hisiv400-linux/bin/../libexec/gcc/arm-hisiv400-linux-gnueabi/4.8.3/collect2 --sysroot=/opt/hisi-linux/x86-arm/arm-hisiv400-linux/bin/../target --eh-frame-hdr -dynamic-linker /lib/ld-linux.so.3 -X -m armelf_linux_eabi -o cmTC_c2225 /opt/hisi-linux/x86-arm/arm-hisiv400-linux/bin/../target/usr/lib/crt1.o /opt/hisi-linux/x86-arm/arm-hisiv400-linux/bin/../target/usr/lib/crti.o /opt/hisi-linux/x86-arm/arm-hisiv400-linux/bin/../lib/gcc/arm-hisiv400-linux-gnueabi/4.8.3/crtbegin.o -L/opt/hisi-linux/x86-arm/arm-hisiv400-linux/bin/../lib/gcc/arm-hisiv400-linux-gnueabi/4.8.3 -L/opt/hisi-linux/x86-arm/arm-hisiv400-linux/bin/../lib/gcc -L/opt/hisi-linux/x86-arm/arm-hisiv400-linux/bin/../lib/gcc/arm-hisiv400-linux-gnueabi/4.8.3/../../../../arm-hisiv400-linux-gnueabi/lib -L/opt/hisi-linux/x86-arm/arm-hisiv400-linux/bin/../target/lib -L/opt/hisi-linux/x86-arm/arm-hisiv400-linux/bin/../target/usr/lib CMakeFiles/cmTC_c2225.dir/CMakeCCompilerABI.c.o -lgcc --as-needed -lgcc_s --no-as-needed -lc -lgcc --as-needed -lgcc_s --no-as-needed /opt/hisi-linux/x86-arm/arm-hisiv400-linux/bin/../lib/gcc/arm-hisiv400-linux-gnueabi/4.8.3/crtend.o /opt/hisi-linux/x86-arm/arm-hisiv400-linux/bin/../target/usr/lib/crtn.o
gmake[1]: Leaving directory `/home/night/myshare/mywork/Clion/test/cmake-build-debug-hisiv400/CMakeFiles/CMakeTmp'


Parsed C implicit link information from above output:
  link line regex: [^( *|.*[/\])(ld|CMAKE_LINK_STARTFILE-NOTFOUND|([^/\]+-)?ld|collect2)[^/\]*( |$)]
  ignore line: [Change Dir: /home/night/myshare/mywork/Clion/test/cmake-build-debug-hisiv400/CMakeFiles/CMakeTmp]
  ignore line: []
  ignore line: [Run Build Command:"/usr/bin/gmake" "cmTC_c2225/fast"]
  ignore line: [/usr/bin/gmake -f CMakeFiles/cmTC_c2225.dir/build.make CMakeFiles/cmTC_c2225.dir/build]
  ignore line: [gmake[1]: Entering directory `/home/night/myshare/mywork/Clion/test/cmake-build-debug-hisiv400/CMakeFiles/CMakeTmp']
  ignore line: [Building C object CMakeFiles/cmTC_c2225.dir/CMakeCCompilerABI.c.o]
  ignore line: [/opt/hisi-linux/x86-arm/arm-hisiv400-linux/target/bin/arm-hisiv400-linux-gcc    -o CMakeFiles/cmTC_c2225.dir/CMakeCCompilerABI.c.o   -c /usr/local/share/cmake-3.12/Modules/CMakeCCompilerABI.c]
  ignore line: [Linking C executable cmTC_c2225]
  ignore line: [/usr/local/bin/cmake -E cmake_link_script CMakeFiles/cmTC_c2225.dir/link.txt --verbose=1]
  ignore line: [/opt/hisi-linux/x86-arm/arm-hisiv400-linux/target/bin/arm-hisiv400-linux-gcc     -v CMakeFiles/cmTC_c2225.dir/CMakeCCompilerABI.c.o  -o cmTC_c2225 ]
  ignore line: [Using built-in specs.]
  ignore line: [COLLECT_GCC=/opt/hisi-linux/x86-arm/arm-hisiv400-linux/target/bin/arm-hisiv400-linux-gcc]
  ignore line: [COLLECT_LTO_WRAPPER=/opt/hisi-linux/x86-arm/arm-hisiv400-linux/bin/../libexec/gcc/arm-hisiv400-linux-gnueabi/4.8.3/lto-wrapper]
  ignore line: [Target: arm-hisiv400-linux-gnueabi]
  ignore line: [Configured with: '../gcc~linaro-4.8-2013.12/configure' --host=i386-redhat-linux --build=i386-redhat-linux --target=arm-hisiv400-linux-gnueabi --prefix=/home/sying/wucaiyuan_toolchain/v400/glibc_gcc4.8_linaro_toolchain/install/arm-hisiv400-linux --enable-threads --disable-libmudflap --disable-libssp --disable-libstdcxx-pch --with-arch=armv5te --with-gnu-as --with-gnu-ld --enable-languages=c,c++ --enable-shared --enable-lto --enable-symvers=gnu --enable-__cxa_atexit --enable-nls --enable-clocale=gnu --enable-extra-hisi-multilibs --with-sysroot=/home/sying/wucaiyuan_toolchain/v400/glibc_gcc4.8_linaro_toolchain/install/arm-hisiv400-linux/target --with-build-sysroot=/home/sying/wucaiyuan_toolchain/v400/glibc_gcc4.8_linaro_toolchain/install/arm-hisiv400-linux/target --with-gmp=/home/sying/wucaiyuan_toolchain/v400/glibc_gcc4.8_linaro_toolchain/install/host_lib --with-mpfr=/home/sying/wucaiyuan_toolchain/v400/glibc_gcc4.8_linaro_toolchain/install/host_lib --with-mpc=/home/sying/wucaiyuan_toolchain/v400/glibc_gcc4.8_linaro_toolchain/install/host_lib --with-ppl=/home/sying/wucaiyuan_toolchain/v400/glibc_gcc4.8_linaro_toolchain/install/host_lib --with-cloog=/home/sying/wucaiyuan_toolchain/v400/glibc_gcc4.8_linaro_toolchain/install/host_lib --with-libelf=/home/sying/wucaiyuan_toolchain/v400/glibc_gcc4.8_linaro_toolchain/install/host_lib --enable-libgomp --disable-libitm --enable-poison-system-directories --with-libelf=/home/sying/wucaiyuan_toolchain/v400/glibc_gcc4.8_linaro_toolchain/install/host_lib --with-pkgversion=Hisilicon_v400 --with-bugurl=http://www.hisilicon.com/cn/service/claim.html]
  ignore line: [Thread model: posix]
  ignore line: [gcc version 4.8.3 20131202 (prerelease) (Hisilicon_v400) ]
  ignore line: [COMPILER_PATH=/opt/hisi-linux/x86-arm/arm-hisiv400-linux/bin/../libexec/gcc/arm-hisiv400-linux-gnueabi/4.8.3/:/opt/hisi-linux/x86-arm/arm-hisiv400-linux/bin/../libexec/gcc/:/opt/hisi-linux/x86-arm/arm-hisiv400-linux/bin/../lib/gcc/arm-hisiv400-linux-gnueabi/4.8.3/../../../../arm-hisiv400-linux-gnueabi/bin/]
  ignore line: [LIBRARY_PATH=/opt/hisi-linux/x86-arm/arm-hisiv400-linux/bin/../lib/gcc/arm-hisiv400-linux-gnueabi/4.8.3/:/opt/hisi-linux/x86-arm/arm-hisiv400-linux/bin/../lib/gcc/:/opt/hisi-linux/x86-arm/arm-hisiv400-linux/bin/../lib/gcc/arm-hisiv400-linux-gnueabi/4.8.3/../../../../arm-hisiv400-linux-gnueabi/lib/:/opt/hisi-linux/x86-arm/arm-hisiv400-linux/bin/../target/lib/:/opt/hisi-linux/x86-arm/arm-hisiv400-linux/bin/../target/usr/lib/]
  ignore line: [COLLECT_GCC_OPTIONS='-v' '-o' 'cmTC_c2225' '-march=armv5te' '-mtls-dialect=gnu']
  link line: [ /opt/hisi-linux/x86-arm/arm-hisiv400-linux/bin/../libexec/gcc/arm-hisiv400-linux-gnueabi/4.8.3/collect2 --sysroot=/opt/hisi-linux/x86-arm/arm-hisiv400-linux/bin/../target --eh-frame-hdr -dynamic-linker /lib/ld-linux.so.3 -X -m armelf_linux_eabi -o cmTC_c2225 /opt/hisi-linux/x86-arm/arm-hisiv400-linux/bin/../target/usr/lib/crt1.o /opt/hisi-linux/x86-arm/arm-hisiv400-linux/bin/../target/usr/lib/crti.o /opt/hisi-linux/x86-arm/arm-hisiv400-linux/bin/../lib/gcc/arm-hisiv400-linux-gnueabi/4.8.3/crtbegin.o -L/opt/hisi-linux/x86-arm/arm-hisiv400-linux/bin/../lib/gcc/arm-hisiv400-linux-gnueabi/4.8.3 -L/opt/hisi-linux/x86-arm/arm-hisiv400-linux/bin/../lib/gcc -L/opt/hisi-linux/x86-arm/arm-hisiv400-linux/bin/../lib/gcc/arm-hisiv400-linux-gnueabi/4.8.3/../../../../arm-hisiv400-linux-gnueabi/lib -L/opt/hisi-linux/x86-arm/arm-hisiv400-linux/bin/../target/lib -L/opt/hisi-linux/x86-arm/arm-hisiv400-linux/bin/../target/usr/lib CMakeFiles/cmTC_c2225.dir/CMakeCCompilerABI.c.o -lgcc --as-needed -lgcc_s --no-as-needed -lc -lgcc --as-needed -lgcc_s --no-as-needed /opt/hisi-linux/x86-arm/arm-hisiv400-linux/bin/../lib/gcc/arm-hisiv400-linux-gnueabi/4.8.3/crtend.o /opt/hisi-linux/x86-arm/arm-hisiv400-linux/bin/../target/usr/lib/crtn.o]
    arg [/opt/hisi-linux/x86-arm/arm-hisiv400-linux/bin/../libexec/gcc/arm-hisiv400-linux-gnueabi/4.8.3/collect2] ==> ignore
    arg [--sysroot=/opt/hisi-linux/x86-arm/arm-hisiv400-linux/bin/../target] ==> ignore
    arg [--eh-frame-hdr] ==> ignore
    arg [-dynamic-linker] ==> ignore
    arg [/lib/ld-linux.so.3] ==> ignore
    arg [-X] ==> ignore
    arg [-m] ==> ignore
    arg [armelf_linux_eabi] ==> ignore
    arg [-o] ==> ignore
    arg [cmTC_c2225] ==> ignore
    arg [/opt/hisi-linux/x86-arm/arm-hisiv400-linux/bin/../target/usr/lib/crt1.o] ==> ignore
    arg [/opt/hisi-linux/x86-arm/arm-hisiv400-linux/bin/../target/usr/lib/crti.o] ==> ignore
    arg [/opt/hisi-linux/x86-arm/arm-hisiv400-linux/bin/../lib/gcc/arm-hisiv400-linux-gnueabi/4.8.3/crtbegin.o] ==> ignore
    arg [-L/opt/hisi-linux/x86-arm/arm-hisiv400-linux/bin/../lib/gcc/arm-hisiv400-linux-gnueabi/4.8.3] ==> dir [/opt/hisi-linux/x86-arm/arm-hisiv400-linux/bin/../lib/gcc/arm-hisiv400-linux-gnueabi/4.8.3]
    arg [-L/opt/hisi-linux/x86-arm/arm-hisiv400-linux/bin/../lib/gcc] ==> dir [/opt/hisi-linux/x86-arm/arm-hisiv400-linux/bin/../lib/gcc]
    arg [-L/opt/hisi-linux/x86-arm/arm-hisiv400-linux/bin/../lib/gcc/arm-hisiv400-linux-gnueabi/4.8.3/../../../../arm-hisiv400-linux-gnueabi/lib] ==> dir [/opt/hisi-linux/x86-arm/arm-hisiv400-linux/bin/../lib/gcc/arm-hisiv400-linux-gnueabi/4.8.3/../../../../arm-hisiv400-linux-gnueabi/lib]
    arg [-L/opt/hisi-linux/x86-arm/arm-hisiv400-linux/bin/../target/lib] ==> dir [/opt/hisi-linux/x86-arm/arm-hisiv400-linux/bin/../target/lib]
    arg [-L/opt/hisi-linux/x86-arm/arm-hisiv400-linux/bin/../target/usr/lib] ==> dir [/opt/hisi-linux/x86-arm/arm-hisiv400-linux/bin/../target/usr/lib]
    arg [CMakeFiles/cmTC_c2225.dir/CMakeCCompilerABI.c.o] ==> ignore
    arg [-lgcc] ==> lib [gcc]
    arg [--as-needed] ==> ignore
    arg [-lgcc_s] ==> lib [gcc_s]
    arg [--no-as-needed] ==> ignore
    arg [-lc] ==> lib [c]
    arg [-lgcc] ==> lib [gcc]
    arg [--as-needed] ==> ignore
    arg [-lgcc_s] ==> lib [gcc_s]
    arg [--no-as-needed] ==> ignore
    arg [/opt/hisi-linux/x86-arm/arm-hisiv400-linux/bin/../lib/gcc/arm-hisiv400-linux-gnueabi/4.8.3/crtend.o] ==> ignore
    arg [/opt/hisi-linux/x86-arm/arm-hisiv400-linux/bin/../target/usr/lib/crtn.o] ==> ignore
  collapse library dir [/opt/hisi-linux/x86-arm/arm-hisiv400-linux/bin/../lib/gcc/arm-hisiv400-linux-gnueabi/4.8.3] ==> [/opt/hisi-linux/x86-arm/arm-hisiv400-linux/lib/gcc/arm-hisiv400-linux-gnueabi/4.8.3]
  collapse library dir [/opt/hisi-linux/x86-arm/arm-hisiv400-linux/bin/../lib/gcc] ==> [/opt/hisi-linux/x86-arm/arm-hisiv400-linux/lib/gcc]
  collapse library dir [/opt/hisi-linux/x86-arm/arm-hisiv400-linux/bin/../lib/gcc/arm-hisiv400-linux-gnueabi/4.8.3/../../../../arm-hisiv400-linux-gnueabi/lib] ==> [/opt/hisi-linux/x86-arm/arm-hisiv400-linux/arm-hisiv400-linux-gnueabi/lib]
  collapse library dir [/opt/hisi-linux/x86-arm/arm-hisiv400-linux/bin/../target/lib] ==> [/opt/hisi-linux/x86-arm/arm-hisiv400-linux/target/lib]
  collapse library dir [/opt/hisi-linux/x86-arm/arm-hisiv400-linux/bin/../target/usr/lib] ==> [/opt/hisi-linux/x86-arm/arm-hisiv400-linux/target/usr/lib]
  implicit libs: [gcc;gcc_s;c;gcc;gcc_s]
  implicit dirs: [/opt/hisi-linux/x86-arm/arm-hisiv400-linux/lib/gcc/arm-hisiv400-linux-gnueabi/4.8.3;/opt/hisi-linux/x86-arm/arm-hisiv400-linux/lib/gcc;/opt/hisi-linux/x86-arm/arm-hisiv400-linux/arm-hisiv400-linux-gnueabi/lib;/opt/hisi-linux/x86-arm/arm-hisiv400-linux/target/lib;/opt/hisi-linux/x86-arm/arm-hisiv400-linux/target/usr/lib]
  implicit fwks: []




Detecting C [-std=c11] compiler features compiled with the following output:
Change Dir: /home/night/myshare/mywork/Clion/test/cmake-build-debug-hisiv400/CMakeFiles/CMakeTmp

Run Build Command:"/usr/bin/gmake" "cmTC_b9b10/fast"
/usr/bin/gmake -f CMakeFiles/cmTC_b9b10.dir/build.make CMakeFiles/cmTC_b9b10.dir/build
gmake[1]: Entering directory `/home/night/myshare/mywork/Clion/test/cmake-build-debug-hisiv400/CMakeFiles/CMakeTmp'
Building C object CMakeFiles/cmTC_b9b10.dir/feature_tests.c.o
/opt/hisi-linux/x86-arm/arm-hisiv400-linux/target/bin/arm-hisiv400-linux-gcc   -std=c11 -o CMakeFiles/cmTC_b9b10.dir/feature_tests.c.o   -c /home/night/myshare/mywork/Clion/test/cmake-build-debug-hisiv400/CMakeFiles/feature_tests.c
Linking C executable cmTC_b9b10
/usr/local/bin/cmake -E cmake_link_script CMakeFiles/cmTC_b9b10.dir/link.txt --verbose=1
/opt/hisi-linux/x86-arm/arm-hisiv400-linux/target/bin/arm-hisiv400-linux-gcc      CMakeFiles/cmTC_b9b10.dir/feature_tests.c.o  -o cmTC_b9b10 
gmake[1]: Leaving directory `/home/night/myshare/mywork/Clion/test/cmake-build-debug-hisiv400/CMakeFiles/CMakeTmp'


    Feature record: C_FEATURE:1c_function_prototypes
    Feature record: C_FEATURE:1c_restrict
    Feature record: C_FEATURE:1c_static_assert
    Feature record: C_FEATURE:1c_variadic_macros


Detecting C [-std=c99] compiler features compiled with the following output:
Change Dir: /home/night/myshare/mywork/Clion/test/cmake-build-debug-hisiv400/CMakeFiles/CMakeTmp

Run Build Command:"/usr/bin/gmake" "cmTC_90ee3/fast"
/usr/bin/gmake -f CMakeFiles/cmTC_90ee3.dir/build.make CMakeFiles/cmTC_90ee3.dir/build
gmake[1]: Entering directory `/home/night/myshare/mywork/Clion/test/cmake-build-debug-hisiv400/CMakeFiles/CMakeTmp'
Building C object CMakeFiles/cmTC_90ee3.dir/feature_tests.c.o
/opt/hisi-linux/x86-arm/arm-hisiv400-linux/target/bin/arm-hisiv400-linux-gcc   -std=c99 -o CMakeFiles/cmTC_90ee3.dir/feature_tests.c.o   -c /home/night/myshare/mywork/Clion/test/cmake-build-debug-hisiv400/CMakeFiles/feature_tests.c
Linking C executable cmTC_90ee3
/usr/local/bin/cmake -E cmake_link_script CMakeFiles/cmTC_90ee3.dir/link.txt --verbose=1
/opt/hisi-linux/x86-arm/arm-hisiv400-linux/target/bin/arm-hisiv400-linux-gcc      CMakeFiles/cmTC_90ee3.dir/feature_tests.c.o  -o cmTC_90ee3 
gmake[1]: Leaving directory `/home/night/myshare/mywork/Clion/test/cmake-build-debug-hisiv400/CMakeFiles/CMakeTmp'


    Feature record: C_FEATURE:1c_function_prototypes
    Feature record: C_FEATURE:1c_restrict
    Feature record: C_FEATURE:0c_static_assert
    Feature record: C_FEATURE:1c_variadic_macros


Detecting C [-std=c90] compiler features compiled with the following output:
Change Dir: /home/night/myshare/mywork/Clion/test/cmake-build-debug-hisiv400/CMakeFiles/CMakeTmp

Run Build Command:"/usr/bin/gmake" "cmTC_67536/fast"
/usr/bin/gmake -f CMakeFiles/cmTC_67536.dir/build.make CMakeFiles/cmTC_67536.dir/build
gmake[1]: Entering directory `/home/night/myshare/mywork/Clion/test/cmake-build-debug-hisiv400/CMakeFiles/CMakeTmp'
Building C object CMakeFiles/cmTC_67536.dir/feature_tests.c.o
/opt/hisi-linux/x86-arm/arm-hisiv400-linux/target/bin/arm-hisiv400-linux-gcc   -std=c90 -o CMakeFiles/cmTC_67536.dir/feature_tests.c.o   -c /home/night/myshare/mywork/Clion/test/cmake-build-debug-hisiv400/CMakeFiles/feature_tests.c
Linking C executable cmTC_67536
/usr/local/bin/cmake -E cmake_link_script CMakeFiles/cmTC_67536.dir/link.txt --verbose=1
/opt/hisi-linux/x86-arm/arm-hisiv400-linux/target/bin/arm-hisiv400-linux-gcc      CMakeFiles/cmTC_67536.dir/feature_tests.c.o  -o cmTC_67536 
gmake[1]: Leaving directory `/home/night/myshare/mywork/Clion/test/cmake-build-debug-hisiv400/CMakeFiles/CMakeTmp'


    Feature record: C_FEATURE:1c_function_prototypes
    Feature record: C_FEATURE:0c_restrict
    Feature record: C_FEATURE:0c_static_assert
    Feature record: C_FEATURE:0c_variadic_macros
Determining if the CXX compiler works passed with the following output:
Change Dir: /home/night/myshare/mywork/Clion/test/cmake-build-debug-hisiv400/CMakeFiles/CMakeTmp

Run Build Command:"/usr/bin/gmake" "cmTC_cfdab/fast"
/usr/bin/gmake -f CMakeFiles/cmTC_cfdab.dir/build.make CMakeFiles/cmTC_cfdab.dir/build
gmake[1]: Entering directory `/home/night/myshare/mywork/Clion/test/cmake-build-debug-hisiv400/CMakeFiles/CMakeTmp'
Building CXX object CMakeFiles/cmTC_cfdab.dir/testCXXCompiler.cxx.o
/opt/hisi-linux/x86-arm/arm-hisiv400-linux/target/bin/arm-hisiv400-linux-g++     -o CMakeFiles/cmTC_cfdab.dir/testCXXCompiler.cxx.o -c /home/night/myshare/mywork/Clion/test/cmake-build-debug-hisiv400/CMakeFiles/CMakeTmp/testCXXCompiler.cxx
Linking CXX executable cmTC_cfdab
/usr/local/bin/cmake -E cmake_link_script CMakeFiles/cmTC_cfdab.dir/link.txt --verbose=1
/opt/hisi-linux/x86-arm/arm-hisiv400-linux/target/bin/arm-hisiv400-linux-g++       CMakeFiles/cmTC_cfdab.dir/testCXXCompiler.cxx.o  -o cmTC_cfdab 
gmake[1]: Leaving directory `/home/night/myshare/mywork/Clion/test/cmake-build-debug-hisiv400/CMakeFiles/CMakeTmp'


Detecting CXX compiler ABI info compiled with the following output:
Change Dir: /home/night/myshare/mywork/Clion/test/cmake-build-debug-hisiv400/CMakeFiles/CMakeTmp

Run Build Command:"/usr/bin/gmake" "cmTC_8134f/fast"
/usr/bin/gmake -f CMakeFiles/cmTC_8134f.dir/build.make CMakeFiles/cmTC_8134f.dir/build
gmake[1]: Entering directory `/home/night/myshare/mywork/Clion/test/cmake-build-debug-hisiv400/CMakeFiles/CMakeTmp'
Building CXX object CMakeFiles/cmTC_8134f.dir/CMakeCXXCompilerABI.cpp.o
/opt/hisi-linux/x86-arm/arm-hisiv400-linux/target/bin/arm-hisiv400-linux-g++     -o CMakeFiles/cmTC_8134f.dir/CMakeCXXCompilerABI.cpp.o -c /usr/local/share/cmake-3.12/Modules/CMakeCXXCompilerABI.cpp
Linking CXX executable cmTC_8134f
/usr/local/bin/cmake -E cmake_link_script CMakeFiles/cmTC_8134f.dir/link.txt --verbose=1
/opt/hisi-linux/x86-arm/arm-hisiv400-linux/target/bin/arm-hisiv400-linux-g++      -v CMakeFiles/cmTC_8134f.dir/CMakeCXXCompilerABI.cpp.o  -o cmTC_8134f 
Using built-in specs.
COLLECT_GCC=/opt/hisi-linux/x86-arm/arm-hisiv400-linux/target/bin/arm-hisiv400-linux-g++
COLLECT_LTO_WRAPPER=/opt/hisi-linux/x86-arm/arm-hisiv400-linux/bin/../libexec/gcc/arm-hisiv400-linux-gnueabi/4.8.3/lto-wrapper
Target: arm-hisiv400-linux-gnueabi
Configured with: '../gcc~linaro-4.8-2013.12/configure' --host=i386-redhat-linux --build=i386-redhat-linux --target=arm-hisiv400-linux-gnueabi --prefix=/home/sying/wucaiyuan_toolchain/v400/glibc_gcc4.8_linaro_toolchain/install/arm-hisiv400-linux --enable-threads --disable-libmudflap --disable-libssp --disable-libstdcxx-pch --with-arch=armv5te --with-gnu-as --with-gnu-ld --enable-languages=c,c++ --enable-shared --enable-lto --enable-symvers=gnu --enable-__cxa_atexit --enable-nls --enable-clocale=gnu --enable-extra-hisi-multilibs --with-sysroot=/home/sying/wucaiyuan_toolchain/v400/glibc_gcc4.8_linaro_toolchain/install/arm-hisiv400-linux/target --with-build-sysroot=/home/sying/wucaiyuan_toolchain/v400/glibc_gcc4.8_linaro_toolchain/install/arm-hisiv400-linux/target --with-gmp=/home/sying/wucaiyuan_toolchain/v400/glibc_gcc4.8_linaro_toolchain/install/host_lib --with-mpfr=/home/sying/wucaiyuan_toolchain/v400/glibc_gcc4.8_linaro_toolchain/install/host_lib --with-mpc=/home/sying/wucaiyuan_toolchain/v400/glibc_gcc4.8_linaro_toolchain/install/host_lib --with-ppl=/home/sying/wucaiyuan_toolchain/v400/glibc_gcc4.8_linaro_toolchain/install/host_lib --with-cloog=/home/sying/wucaiyuan_toolchain/v400/glibc_gcc4.8_linaro_toolchain/install/host_lib --with-libelf=/home/sying/wucaiyuan_toolchain/v400/glibc_gcc4.8_linaro_toolchain/install/host_lib --enable-libgomp --disable-libitm --enable-poison-system-directories --with-libelf=/home/sying/wucaiyuan_toolchain/v400/glibc_gcc4.8_linaro_toolchain/install/host_lib --with-pkgversion=Hisilicon_v400 --with-bugurl=http://www.hisilicon.com/cn/service/claim.html
Thread model: posix
gcc version 4.8.3 20131202 (prerelease) (Hisilicon_v400) 
COMPILER_PATH=/opt/hisi-linux/x86-arm/arm-hisiv400-linux/bin/../libexec/gcc/arm-hisiv400-linux-gnueabi/4.8.3/:/opt/hisi-linux/x86-arm/arm-hisiv400-linux/bin/../libexec/gcc/:/opt/hisi-linux/x86-arm/arm-hisiv400-linux/bin/../lib/gcc/arm-hisiv400-linux-gnueabi/4.8.3/../../../../arm-hisiv400-linux-gnueabi/bin/
LIBRARY_PATH=/opt/hisi-linux/x86-arm/arm-hisiv400-linux/bin/../lib/gcc/arm-hisiv400-linux-gnueabi/4.8.3/:/opt/hisi-linux/x86-arm/arm-hisiv400-linux/bin/../lib/gcc/:/opt/hisi-linux/x86-arm/arm-hisiv400-linux/bin/../lib/gcc/arm-hisiv400-linux-gnueabi/4.8.3/../../../../arm-hisiv400-linux-gnueabi/lib/:/opt/hisi-linux/x86-arm/arm-hisiv400-linux/bin/../target/lib/:/opt/hisi-linux/x86-arm/arm-hisiv400-linux/bin/../target/usr/lib/
COLLECT_GCC_OPTIONS='-v' '-o' 'cmTC_8134f' '-shared-libgcc' '-march=armv5te' '-mtls-dialect=gnu'
 /opt/hisi-linux/x86-arm/arm-hisiv400-linux/bin/../libexec/gcc/arm-hisiv400-linux-gnueabi/4.8.3/collect2 --sysroot=/opt/hisi-linux/x86-arm/arm-hisiv400-linux/bin/../target --eh-frame-hdr -dynamic-linker /lib/ld-linux.so.3 -X -m armelf_linux_eabi -o cmTC_8134f /opt/hisi-linux/x86-arm/arm-hisiv400-linux/bin/../target/usr/lib/crt1.o /opt/hisi-linux/x86-arm/arm-hisiv400-linux/bin/../target/usr/lib/crti.o /opt/hisi-linux/x86-arm/arm-hisiv400-linux/bin/../lib/gcc/arm-hisiv400-linux-gnueabi/4.8.3/crtbegin.o -L/opt/hisi-linux/x86-arm/arm-hisiv400-linux/bin/../lib/gcc/arm-hisiv400-linux-gnueabi/4.8.3 -L/opt/hisi-linux/x86-arm/arm-hisiv400-linux/bin/../lib/gcc -L/opt/hisi-linux/x86-arm/arm-hisiv400-linux/bin/../lib/gcc/arm-hisiv400-linux-gnueabi/4.8.3/../../../../arm-hisiv400-linux-gnueabi/lib -L/opt/hisi-linux/x86-arm/arm-hisiv400-linux/bin/../target/lib -L/opt/hisi-linux/x86-arm/arm-hisiv400-linux/bin/../target/usr/lib CMakeFiles/cmTC_8134f.dir/CMakeCXXCompilerABI.cpp.o -lstdc++ -lm -lgcc_s -lgcc -lc -lgcc_s -lgcc /opt/hisi-linux/x86-arm/arm-hisiv400-linux/bin/../lib/gcc/arm-hisiv400-linux-gnueabi/4.8.3/crtend.o /opt/hisi-linux/x86-arm/arm-hisiv400-linux/bin/../target/usr/lib/crtn.o
gmake[1]: Leaving directory `/home/night/myshare/mywork/Clion/test/cmake-build-debug-hisiv400/CMakeFiles/CMakeTmp'


Parsed CXX implicit link information from above output:
  link line regex: [^( *|.*[/\])(ld|CMAKE_LINK_STARTFILE-NOTFOUND|([^/\]+-)?ld|collect2)[^/\]*( |$)]
  ignore line: [Change Dir: /home/night/myshare/mywork/Clion/test/cmake-build-debug-hisiv400/CMakeFiles/CMakeTmp]
  ignore line: []
  ignore line: [Run Build Command:"/usr/bin/gmake" "cmTC_8134f/fast"]
  ignore line: [/usr/bin/gmake -f CMakeFiles/cmTC_8134f.dir/build.make CMakeFiles/cmTC_8134f.dir/build]
  ignore line: [gmake[1]: Entering directory `/home/night/myshare/mywork/Clion/test/cmake-build-debug-hisiv400/CMakeFiles/CMakeTmp']
  ignore line: [Building CXX object CMakeFiles/cmTC_8134f.dir/CMakeCXXCompilerABI.cpp.o]
  ignore line: [/opt/hisi-linux/x86-arm/arm-hisiv400-linux/target/bin/arm-hisiv400-linux-g++     -o CMakeFiles/cmTC_8134f.dir/CMakeCXXCompilerABI.cpp.o -c /usr/local/share/cmake-3.12/Modules/CMakeCXXCompilerABI.cpp]
  ignore line: [Linking CXX executable cmTC_8134f]
  ignore line: [/usr/local/bin/cmake -E cmake_link_script CMakeFiles/cmTC_8134f.dir/link.txt --verbose=1]
  ignore line: [/opt/hisi-linux/x86-arm/arm-hisiv400-linux/target/bin/arm-hisiv400-linux-g++      -v CMakeFiles/cmTC_8134f.dir/CMakeCXXCompilerABI.cpp.o  -o cmTC_8134f ]
  ignore line: [Using built-in specs.]
  ignore line: [COLLECT_GCC=/opt/hisi-linux/x86-arm/arm-hisiv400-linux/target/bin/arm-hisiv400-linux-g++]
  ignore line: [COLLECT_LTO_WRAPPER=/opt/hisi-linux/x86-arm/arm-hisiv400-linux/bin/../libexec/gcc/arm-hisiv400-linux-gnueabi/4.8.3/lto-wrapper]
  ignore line: [Target: arm-hisiv400-linux-gnueabi]
  ignore line: [Configured with: '../gcc~linaro-4.8-2013.12/configure' --host=i386-redhat-linux --build=i386-redhat-linux --target=arm-hisiv400-linux-gnueabi --prefix=/home/sying/wucaiyuan_toolchain/v400/glibc_gcc4.8_linaro_toolchain/install/arm-hisiv400-linux --enable-threads --disable-libmudflap --disable-libssp --disable-libstdcxx-pch --with-arch=armv5te --with-gnu-as --with-gnu-ld --enable-languages=c,c++ --enable-shared --enable-lto --enable-symvers=gnu --enable-__cxa_atexit --enable-nls --enable-clocale=gnu --enable-extra-hisi-multilibs --with-sysroot=/home/sying/wucaiyuan_toolchain/v400/glibc_gcc4.8_linaro_toolchain/install/arm-hisiv400-linux/target --with-build-sysroot=/home/sying/wucaiyuan_toolchain/v400/glibc_gcc4.8_linaro_toolchain/install/arm-hisiv400-linux/target --with-gmp=/home/sying/wucaiyuan_toolchain/v400/glibc_gcc4.8_linaro_toolchain/install/host_lib --with-mpfr=/home/sying/wucaiyuan_toolchain/v400/glibc_gcc4.8_linaro_toolchain/install/host_lib --with-mpc=/home/sying/wucaiyuan_toolchain/v400/glibc_gcc4.8_linaro_toolchain/install/host_lib --with-ppl=/home/sying/wucaiyuan_toolchain/v400/glibc_gcc4.8_linaro_toolchain/install/host_lib --with-cloog=/home/sying/wucaiyuan_toolchain/v400/glibc_gcc4.8_linaro_toolchain/install/host_lib --with-libelf=/home/sying/wucaiyuan_toolchain/v400/glibc_gcc4.8_linaro_toolchain/install/host_lib --enable-libgomp --disable-libitm --enable-poison-system-directories --with-libelf=/home/sying/wucaiyuan_toolchain/v400/glibc_gcc4.8_linaro_toolchain/install/host_lib --with-pkgversion=Hisilicon_v400 --with-bugurl=http://www.hisilicon.com/cn/service/claim.html]
  ignore line: [Thread model: posix]
  ignore line: [gcc version 4.8.3 20131202 (prerelease) (Hisilicon_v400) ]
  ignore line: [COMPILER_PATH=/opt/hisi-linux/x86-arm/arm-hisiv400-linux/bin/../libexec/gcc/arm-hisiv400-linux-gnueabi/4.8.3/:/opt/hisi-linux/x86-arm/arm-hisiv400-linux/bin/../libexec/gcc/:/opt/hisi-linux/x86-arm/arm-hisiv400-linux/bin/../lib/gcc/arm-hisiv400-linux-gnueabi/4.8.3/../../../../arm-hisiv400-linux-gnueabi/bin/]
  ignore line: [LIBRARY_PATH=/opt/hisi-linux/x86-arm/arm-hisiv400-linux/bin/../lib/gcc/arm-hisiv400-linux-gnueabi/4.8.3/:/opt/hisi-linux/x86-arm/arm-hisiv400-linux/bin/../lib/gcc/:/opt/hisi-linux/x86-arm/arm-hisiv400-linux/bin/../lib/gcc/arm-hisiv400-linux-gnueabi/4.8.3/../../../../arm-hisiv400-linux-gnueabi/lib/:/opt/hisi-linux/x86-arm/arm-hisiv400-linux/bin/../target/lib/:/opt/hisi-linux/x86-arm/arm-hisiv400-linux/bin/../target/usr/lib/]
  ignore line: [COLLECT_GCC_OPTIONS='-v' '-o' 'cmTC_8134f' '-shared-libgcc' '-march=armv5te' '-mtls-dialect=gnu']
  link line: [ /opt/hisi-linux/x86-arm/arm-hisiv400-linux/bin/../libexec/gcc/arm-hisiv400-linux-gnueabi/4.8.3/collect2 --sysroot=/opt/hisi-linux/x86-arm/arm-hisiv400-linux/bin/../target --eh-frame-hdr -dynamic-linker /lib/ld-linux.so.3 -X -m armelf_linux_eabi -o cmTC_8134f /opt/hisi-linux/x86-arm/arm-hisiv400-linux/bin/../target/usr/lib/crt1.o /opt/hisi-linux/x86-arm/arm-hisiv400-linux/bin/../target/usr/lib/crti.o /opt/hisi-linux/x86-arm/arm-hisiv400-linux/bin/../lib/gcc/arm-hisiv400-linux-gnueabi/4.8.3/crtbegin.o -L/opt/hisi-linux/x86-arm/arm-hisiv400-linux/bin/../lib/gcc/arm-hisiv400-linux-gnueabi/4.8.3 -L/opt/hisi-linux/x86-arm/arm-hisiv400-linux/bin/../lib/gcc -L/opt/hisi-linux/x86-arm/arm-hisiv400-linux/bin/../lib/gcc/arm-hisiv400-linux-gnueabi/4.8.3/../../../../arm-hisiv400-linux-gnueabi/lib -L/opt/hisi-linux/x86-arm/arm-hisiv400-linux/bin/../target/lib -L/opt/hisi-linux/x86-arm/arm-hisiv400-linux/bin/../target/usr/lib CMakeFiles/cmTC_8134f.dir/CMakeCXXCompilerABI.cpp.o -lstdc++ -lm -lgcc_s -lgcc -lc -lgcc_s -lgcc /opt/hisi-linux/x86-arm/arm-hisiv400-linux/bin/../lib/gcc/arm-hisiv400-linux-gnueabi/4.8.3/crtend.o /opt/hisi-linux/x86-arm/arm-hisiv400-linux/bin/../target/usr/lib/crtn.o]
    arg [/opt/hisi-linux/x86-arm/arm-hisiv400-linux/bin/../libexec/gcc/arm-hisiv400-linux-gnueabi/4.8.3/collect2] ==> ignore
    arg [--sysroot=/opt/hisi-linux/x86-arm/arm-hisiv400-linux/bin/../target] ==> ignore
    arg [--eh-frame-hdr] ==> ignore
    arg [-dynamic-linker] ==> ignore
    arg [/lib/ld-linux.so.3] ==> ignore
    arg [-X] ==> ignore
    arg [-m] ==> ignore
    arg [armelf_linux_eabi] ==> ignore
    arg [-o] ==> ignore
    arg [cmTC_8134f] ==> ignore
    arg [/opt/hisi-linux/x86-arm/arm-hisiv400-linux/bin/../target/usr/lib/crt1.o] ==> ignore
    arg [/opt/hisi-linux/x86-arm/arm-hisiv400-linux/bin/../target/usr/lib/crti.o] ==> ignore
    arg [/opt/hisi-linux/x86-arm/arm-hisiv400-linux/bin/../lib/gcc/arm-hisiv400-linux-gnueabi/4.8.3/crtbegin.o] ==> ignore
    arg [-L/opt/hisi-linux/x86-arm/arm-hisiv400-linux/bin/../lib/gcc/arm-hisiv400-linux-gnueabi/4.8.3] ==> dir [/opt/hisi-linux/x86-arm/arm-hisiv400-linux/bin/../lib/gcc/arm-hisiv400-linux-gnueabi/4.8.3]
    arg [-L/opt/hisi-linux/x86-arm/arm-hisiv400-linux/bin/../lib/gcc] ==> dir [/opt/hisi-linux/x86-arm/arm-hisiv400-linux/bin/../lib/gcc]
    arg [-L/opt/hisi-linux/x86-arm/arm-hisiv400-linux/bin/../lib/gcc/arm-hisiv400-linux-gnueabi/4.8.3/../../../../arm-hisiv400-linux-gnueabi/lib] ==> dir [/opt/hisi-linux/x86-arm/arm-hisiv400-linux/bin/../lib/gcc/arm-hisiv400-linux-gnueabi/4.8.3/../../../../arm-hisiv400-linux-gnueabi/lib]
    arg [-L/opt/hisi-linux/x86-arm/arm-hisiv400-linux/bin/../target/lib] ==> dir [/opt/hisi-linux/x86-arm/arm-hisiv400-linux/bin/../target/lib]
    arg [-L/opt/hisi-linux/x86-arm/arm-hisiv400-linux/bin/../target/usr/lib] ==> dir [/opt/hisi-linux/x86-arm/arm-hisiv400-linux/bin/../target/usr/lib]
    arg [CMakeFiles/cmTC_8134f.dir/CMakeCXXCompilerABI.cpp.o] ==> ignore
    arg [-lstdc++] ==> lib [stdc++]
    arg [-lm] ==> lib [m]
    arg [-lgcc_s] ==> lib [gcc_s]
    arg [-lgcc] ==> lib [gcc]
    arg [-lc] ==> lib [c]
    arg [-lgcc_s] ==> lib [gcc_s]
    arg [-lgcc] ==> lib [gcc]
    arg [/opt/hisi-linux/x86-arm/arm-hisiv400-linux/bin/../lib/gcc/arm-hisiv400-linux-gnueabi/4.8.3/crtend.o] ==> ignore
    arg [/opt/hisi-linux/x86-arm/arm-hisiv400-linux/bin/../target/usr/lib/crtn.o] ==> ignore
  collapse library dir [/opt/hisi-linux/x86-arm/arm-hisiv400-linux/bin/../lib/gcc/arm-hisiv400-linux-gnueabi/4.8.3] ==> [/opt/hisi-linux/x86-arm/arm-hisiv400-linux/lib/gcc/arm-hisiv400-linux-gnueabi/4.8.3]
  collapse library dir [/opt/hisi-linux/x86-arm/arm-hisiv400-linux/bin/../lib/gcc] ==> [/opt/hisi-linux/x86-arm/arm-hisiv400-linux/lib/gcc]
  collapse library dir [/opt/hisi-linux/x86-arm/arm-hisiv400-linux/bin/../lib/gcc/arm-hisiv400-linux-gnueabi/4.8.3/../../../../arm-hisiv400-linux-gnueabi/lib] ==> [/opt/hisi-linux/x86-arm/arm-hisiv400-linux/arm-hisiv400-linux-gnueabi/lib]
  collapse library dir [/opt/hisi-linux/x86-arm/arm-hisiv400-linux/bin/../target/lib] ==> [/opt/hisi-linux/x86-arm/arm-hisiv400-linux/target/lib]
  collapse library dir [/opt/hisi-linux/x86-arm/arm-hisiv400-linux/bin/../target/usr/lib] ==> [/opt/hisi-linux/x86-arm/arm-hisiv400-linux/target/usr/lib]
  implicit libs: [stdc++;m;gcc_s;gcc;c;gcc_s;gcc]
  implicit dirs: [/opt/hisi-linux/x86-arm/arm-hisiv400-linux/lib/gcc/arm-hisiv400-linux-gnueabi/4.8.3;/opt/hisi-linux/x86-arm/arm-hisiv400-linux/lib/gcc;/opt/hisi-linux/x86-arm/arm-hisiv400-linux/arm-hisiv400-linux-gnueabi/lib;/opt/hisi-linux/x86-arm/arm-hisiv400-linux/target/lib;/opt/hisi-linux/x86-arm/arm-hisiv400-linux/target/usr/lib]
  implicit fwks: []




Detecting CXX [-std=c++1y] compiler features compiled with the following output:
Change Dir: /home/night/myshare/mywork/Clion/test/cmake-build-debug-hisiv400/CMakeFiles/CMakeTmp

Run Build Command:"/usr/bin/gmake" "cmTC_49d22/fast"
/usr/bin/gmake -f CMakeFiles/cmTC_49d22.dir/build.make CMakeFiles/cmTC_49d22.dir/build
gmake[1]: Entering directory `/home/night/myshare/mywork/Clion/test/cmake-build-debug-hisiv400/CMakeFiles/CMakeTmp'
Building CXX object CMakeFiles/cmTC_49d22.dir/feature_tests.cxx.o
/opt/hisi-linux/x86-arm/arm-hisiv400-linux/target/bin/arm-hisiv400-linux-g++    -std=c++1y -o CMakeFiles/cmTC_49d22.dir/feature_tests.cxx.o -c /home/night/myshare/mywork/Clion/test/cmake-build-debug-hisiv400/CMakeFiles/feature_tests.cxx
Linking CXX executable cmTC_49d22
/usr/local/bin/cmake -E cmake_link_script CMakeFiles/cmTC_49d22.dir/link.txt --verbose=1
/opt/hisi-linux/x86-arm/arm-hisiv400-linux/target/bin/arm-hisiv400-linux-g++       CMakeFiles/cmTC_49d22.dir/feature_tests.cxx.o  -o cmTC_49d22 
gmake[1]: Leaving directory `/home/night/myshare/mywork/Clion/test/cmake-build-debug-hisiv400/CMakeFiles/CMakeTmp'


    Feature record: CXX_FEATURE:0cxx_aggregate_default_initializers
    Feature record: CXX_FEATURE:1cxx_alias_templates
    Feature record: CXX_FEATURE:1cxx_alignas
    Feature record: CXX_FEATURE:1cxx_alignof
    Feature record: CXX_FEATURE:1cxx_attributes
    Feature record: CXX_FEATURE:0cxx_attribute_deprecated
    Feature record: CXX_FEATURE:1cxx_auto_type
    Feature record: CXX_FEATURE:0cxx_binary_literals
    Feature record: CXX_FEATURE:1cxx_constexpr
    Feature record: CXX_FEATURE:0cxx_contextual_conversions
    Feature record: CXX_FEATURE:1cxx_decltype
    Feature record: CXX_FEATURE:0cxx_decltype_auto
    Feature record: CXX_FEATURE:1cxx_decltype_incomplete_return_types
    Feature record: CXX_FEATURE:1cxx_default_function_template_args
    Feature record: CXX_FEATURE:1cxx_defaulted_functions
    Feature record: CXX_FEATURE:1cxx_defaulted_move_initializers
    Feature record: CXX_FEATURE:1cxx_delegating_constructors
    Feature record: CXX_FEATURE:1cxx_deleted_functions
    Feature record: CXX_FEATURE:0cxx_digit_separators
    Feature record: CXX_FEATURE:1cxx_enum_forward_declarations
    Feature record: CXX_FEATURE:1cxx_explicit_conversions
    Feature record: CXX_FEATURE:1cxx_extended_friend_declarations
    Feature record: CXX_FEATURE:1cxx_extern_templates
    Feature record: CXX_FEATURE:1cxx_final
    Feature record: CXX_FEATURE:1cxx_func_identifier
    Feature record: CXX_FEATURE:1cxx_generalized_initializers
    Feature record: CXX_FEATURE:0cxx_generic_lambdas
    Feature record: CXX_FEATURE:1cxx_inheriting_constructors
    Feature record: CXX_FEATURE:1cxx_inline_namespaces
    Feature record: CXX_FEATURE:1cxx_lambdas
    Feature record: CXX_FEATURE:0cxx_lambda_init_captures
    Feature record: CXX_FEATURE:1cxx_local_type_template_args
    Feature record: CXX_FEATURE:1cxx_long_long_type
    Feature record: CXX_FEATURE:1cxx_noexcept
    Feature record: CXX_FEATURE:1cxx_nonstatic_member_init
    Feature record: CXX_FEATURE:1cxx_nullptr
    Feature record: CXX_FEATURE:1cxx_override
    Feature record: CXX_FEATURE:1cxx_range_for
    Feature record: CXX_FEATURE:1cxx_raw_string_literals
    Feature record: CXX_FEATURE:1cxx_reference_qualified_functions
    Feature record: CXX_FEATURE:0cxx_relaxed_constexpr
    Feature record: CXX_FEATURE:0cxx_return_type_deduction
    Feature record: CXX_FEATURE:1cxx_right_angle_brackets
    Feature record: CXX_FEATURE:1cxx_rvalue_references
    Feature record: CXX_FEATURE:1cxx_sizeof_member
    Feature record: CXX_FEATURE:1cxx_static_assert
    Feature record: CXX_FEATURE:1cxx_strong_enums
    Feature record: CXX_FEATURE:1cxx_template_template_parameters
    Feature record: CXX_FEATURE:1cxx_thread_local
    Feature record: CXX_FEATURE:1cxx_trailing_return_types
    Feature record: CXX_FEATURE:1cxx_unicode_literals
    Feature record: CXX_FEATURE:1cxx_uniform_initialization
    Feature record: CXX_FEATURE:1cxx_unrestricted_unions
    Feature record: CXX_FEATURE:1cxx_user_literals
    Feature record: CXX_FEATURE:0cxx_variable_templates
    Feature record: CXX_FEATURE:1cxx_variadic_macros
    Feature record: CXX_FEATURE:1cxx_variadic_templates


Detecting CXX [-std=c++11] compiler features compiled with the following output:
Change Dir: /home/night/myshare/mywork/Clion/test/cmake-build-debug-hisiv400/CMakeFiles/CMakeTmp

Run Build Command:"/usr/bin/gmake" "cmTC_4beae/fast"
/usr/bin/gmake -f CMakeFiles/cmTC_4beae.dir/build.make CMakeFiles/cmTC_4beae.dir/build
gmake[1]: Entering directory `/home/night/myshare/mywork/Clion/test/cmake-build-debug-hisiv400/CMakeFiles/CMakeTmp'
Building CXX object CMakeFiles/cmTC_4beae.dir/feature_tests.cxx.o
/opt/hisi-linux/x86-arm/arm-hisiv400-linux/target/bin/arm-hisiv400-linux-g++    -std=c++11 -o CMakeFiles/cmTC_4beae.dir/feature_tests.cxx.o -c /home/night/myshare/mywork/Clion/test/cmake-build-debug-hisiv400/CMakeFiles/feature_tests.cxx
Linking CXX executable cmTC_4beae
/usr/local/bin/cmake -E cmake_link_script CMakeFiles/cmTC_4beae.dir/link.txt --verbose=1
/opt/hisi-linux/x86-arm/arm-hisiv400-linux/target/bin/arm-hisiv400-linux-g++       CMakeFiles/cmTC_4beae.dir/feature_tests.cxx.o  -o cmTC_4beae 
gmake[1]: Leaving directory `/home/night/myshare/mywork/Clion/test/cmake-build-debug-hisiv400/CMakeFiles/CMakeTmp'


    Feature record: CXX_FEATURE:0cxx_aggregate_default_initializers
    Feature record: CXX_FEATURE:1cxx_alias_templates
    Feature record: CXX_FEATURE:1cxx_alignas
    Feature record: CXX_FEATURE:1cxx_alignof
    Feature record: CXX_FEATURE:1cxx_attributes
    Feature record: CXX_FEATURE:0cxx_attribute_deprecated
    Feature record: CXX_FEATURE:1cxx_auto_type
    Feature record: CXX_FEATURE:0cxx_binary_literals
    Feature record: CXX_FEATURE:1cxx_constexpr
    Feature record: CXX_FEATURE:0cxx_contextual_conversions
    Feature record: CXX_FEATURE:1cxx_decltype
    Feature record: CXX_FEATURE:0cxx_decltype_auto
    Feature record: CXX_FEATURE:1cxx_decltype_incomplete_return_types
    Feature record: CXX_FEATURE:1cxx_default_function_template_args
    Feature record: CXX_FEATURE:1cxx_defaulted_functions
    Feature record: CXX_FEATURE:1cxx_defaulted_move_initializers
    Feature record: CXX_FEATURE:1cxx_delegating_constructors
    Feature record: CXX_FEATURE:1cxx_deleted_functions
    Feature record: CXX_FEATURE:0cxx_digit_separators
    Feature record: CXX_FEATURE:1cxx_enum_forward_declarations
    Feature record: CXX_FEATURE:1cxx_explicit_conversions
    Feature record: CXX_FEATURE:1cxx_extended_friend_declarations
    Feature record: CXX_FEATURE:1cxx_extern_templates
    Feature record: CXX_FEATURE:1cxx_final
    Feature record: CXX_FEATURE:1cxx_func_identifier
    Feature record: CXX_FEATURE:1cxx_generalized_initializers
    Feature record: CXX_FEATURE:0cxx_generic_lambdas
    Feature record: CXX_FEATURE:1cxx_inheriting_constructors
    Feature record: CXX_FEATURE:1cxx_inline_namespaces
    Feature record: CXX_FEATURE:1cxx_lambdas
    Feature record: CXX_FEATURE:0cxx_lambda_init_captures
    Feature record: CXX_FEATURE:1cxx_local_type_template_args
    Feature record: CXX_FEATURE:1cxx_long_long_type
    Feature record: CXX_FEATURE:1cxx_noexcept
    Feature record: CXX_FEATURE:1cxx_nonstatic_member_init
    Feature record: CXX_FEATURE:1cxx_nullptr
    Feature record: CXX_FEATURE:1cxx_override
    Feature record: CXX_FEATURE:1cxx_range_for
    Feature record: CXX_FEATURE:1cxx_raw_string_literals
    Feature record: CXX_FEATURE:1cxx_reference_qualified_functions
    Feature record: CXX_FEATURE:0cxx_relaxed_constexpr
    Feature record: CXX_FEATURE:0cxx_return_type_deduction
    Feature record: CXX_FEATURE:1cxx_right_angle_brackets
    Feature record: CXX_FEATURE:1cxx_rvalue_references
    Feature record: CXX_FEATURE:1cxx_sizeof_member
    Feature record: CXX_FEATURE:1cxx_static_assert
    Feature record: CXX_FEATURE:1cxx_strong_enums
    Feature record: CXX_FEATURE:1cxx_template_template_parameters
    Feature record: CXX_FEATURE:1cxx_thread_local
    Feature record: CXX_FEATURE:1cxx_trailing_return_types
    Feature record: CXX_FEATURE:1cxx_unicode_literals
    Feature record: CXX_FEATURE:1cxx_uniform_initialization
    Feature record: CXX_FEATURE:1cxx_unrestricted_unions
    Feature record: CXX_FEATURE:1cxx_user_literals
    Feature record: CXX_FEATURE:0cxx_variable_templates
    Feature record: CXX_FEATURE:1cxx_variadic_macros
    Feature record: CXX_FEATURE:1cxx_variadic_templates


Detecting CXX [-std=c++98] compiler features compiled with the following output:
Change Dir: /home/night/myshare/mywork/Clion/test/cmake-build-debug-hisiv400/CMakeFiles/CMakeTmp

Run Build Command:"/usr/bin/gmake" "cmTC_c861f/fast"
/usr/bin/gmake -f CMakeFiles/cmTC_c861f.dir/build.make CMakeFiles/cmTC_c861f.dir/build
gmake[1]: Entering directory `/home/night/myshare/mywork/Clion/test/cmake-build-debug-hisiv400/CMakeFiles/CMakeTmp'
Building CXX object CMakeFiles/cmTC_c861f.dir/feature_tests.cxx.o
/opt/hisi-linux/x86-arm/arm-hisiv400-linux/target/bin/arm-hisiv400-linux-g++    -std=c++98 -o CMakeFiles/cmTC_c861f.dir/feature_tests.cxx.o -c /home/night/myshare/mywork/Clion/test/cmake-build-debug-hisiv400/CMakeFiles/feature_tests.cxx
Linking CXX executable cmTC_c861f
/usr/local/bin/cmake -E cmake_link_script CMakeFiles/cmTC_c861f.dir/link.txt --verbose=1
/opt/hisi-linux/x86-arm/arm-hisiv400-linux/target/bin/arm-hisiv400-linux-g++       CMakeFiles/cmTC_c861f.dir/feature_tests.cxx.o  -o cmTC_c861f 
gmake[1]: Leaving directory `/home/night/myshare/mywork/Clion/test/cmake-build-debug-hisiv400/CMakeFiles/CMakeTmp'


    Feature record: CXX_FEATURE:0cxx_aggregate_default_initializers
    Feature record: CXX_FEATURE:0cxx_alias_templates
    Feature record: CXX_FEATURE:0cxx_alignas
    Feature record: CXX_FEATURE:0cxx_alignof
    Feature record: CXX_FEATURE:0cxx_attributes
    Feature record: CXX_FEATURE:0cxx_attribute_deprecated
    Feature record: CXX_FEATURE:0cxx_auto_type
    Feature record: CXX_FEATURE:0cxx_binary_literals
    Feature record: CXX_FEATURE:0cxx_constexpr
    Feature record: CXX_FEATURE:0cxx_contextual_conversions
    Feature record: CXX_FEATURE:0cxx_decltype
    Feature record: CXX_FEATURE:0cxx_decltype_auto
    Feature record: CXX_FEATURE:0cxx_decltype_incomplete_return_types
    Feature record: CXX_FEATURE:0cxx_default_function_template_args
    Feature record: CXX_FEATURE:0cxx_defaulted_functions
    Feature record: CXX_FEATURE:0cxx_defaulted_move_initializers
    Feature record: CXX_FEATURE:0cxx_delegating_constructors
    Feature record: CXX_FEATURE:0cxx_deleted_functions
    Feature record: CXX_FEATURE:0cxx_digit_separators
    Feature record: CXX_FEATURE:0cxx_enum_forward_declarations
    Feature record: CXX_FEATURE:0cxx_explicit_conversions
    Feature record: CXX_FEATURE:0cxx_extended_friend_declarations
    Feature record: CXX_FEATURE:0cxx_extern_templates
    Feature record: CXX_FEATURE:0cxx_final
    Feature record: CXX_FEATURE:0cxx_func_identifier
    Feature record: CXX_FEATURE:0cxx_generalized_initializers
    Feature record: CXX_FEATURE:0cxx_generic_lambdas
    Feature record: CXX_FEATURE:0cxx_inheriting_constructors
    Feature record: CXX_FEATURE:0cxx_inline_namespaces
    Feature record: CXX_FEATURE:0cxx_lambdas
    Feature record: CXX_FEATURE:0cxx_lambda_init_captures
    Feature record: CXX_FEATURE:0cxx_local_type_template_args
    Feature record: CXX_FEATURE:0cxx_long_long_type
    Feature record: CXX_FEATURE:0cxx_noexcept
    Feature record: CXX_FEATURE:0cxx_nonstatic_member_init
    Feature record: CXX_FEATURE:0cxx_nullptr
    Feature record: CXX_FEATURE:0cxx_override
    Feature record: CXX_FEATURE:0cxx_range_for
    Feature record: CXX_FEATURE:0cxx_raw_string_literals
    Feature record: CXX_FEATURE:0cxx_reference_qualified_functions
    Feature record: CXX_FEATURE:0cxx_relaxed_constexpr
    Feature record: CXX_FEATURE:0cxx_return_type_deduction
    Feature record: CXX_FEATURE:0cxx_right_angle_brackets
    Feature record: CXX_FEATURE:0cxx_rvalue_references
    Feature record: CXX_FEATURE:0cxx_sizeof_member
    Feature record: CXX_FEATURE:0cxx_static_assert
    Feature record: CXX_FEATURE:0cxx_strong_enums
    Feature record: CXX_FEATURE:1cxx_template_template_parameters
    Feature record: CXX_FEATURE:0cxx_thread_local
    Feature record: CXX_FEATURE:0cxx_trailing_return_types
    Feature record: CXX_FEATURE:0cxx_unicode_literals
    Feature record: CXX_FEATURE:0cxx_uniform_initialization
    Feature record: CXX_FEATURE:0cxx_unrestricted_unions
    Feature record: CXX_FEATURE:0cxx_user_literals
    Feature record: CXX_FEATURE:0cxx_variable_templates
    Feature record: CXX_FEATURE:0cxx_variadic_macros
    Feature record: CXX_FEATURE:0cxx_variadic_templates
