The system is: Linux - 3.10.0-514.el7.x86_64 - x86_64
Compiling the C compiler identification source file "CMakeCCompilerId.c" succeeded.
Compiler: /opt/hisi-linux/x86-arm/arm-himix100-linux/bin/arm-himix100-linux-gcc 
Build flags: 
Id flags:  

The output was:
0


Compilation of the C compiler identification source "CMakeCCompilerId.c" produced "a.out"

The C compiler identification is GNU, found in "/tmp/tmp.p86kyLP8mX/cmake-build-himix100/CMakeFiles/3.12.0-rc1/CompilerIdC/a.out"

Compiling the CXX compiler identification source file "CMakeCXXCompilerId.cpp" succeeded.
Compiler: /opt/hisi-linux/x86-arm/arm-himix100-linux/bin/arm-himix100-linux-g++ 
Build flags: 
Id flags:  

The output was:
0


Compilation of the CXX compiler identification source "CMakeCXXCompilerId.cpp" produced "a.out"

The CXX compiler identification is GNU, found in "/tmp/tmp.p86kyLP8mX/cmake-build-himix100/CMakeFiles/3.12.0-rc1/CompilerIdCXX/a.out"

Determining if the C compiler works passed with the following output:
Change Dir: /tmp/tmp.p86kyLP8mX/cmake-build-himix100/CMakeFiles/CMakeTmp

Run Build Command:"/usr/bin/gmake" "cmTC_054c8/fast"
/usr/bin/gmake -f CMakeFiles/cmTC_054c8.dir/build.make CMakeFiles/cmTC_054c8.dir/build
gmake[1]: Entering directory `/tmp/tmp.p86kyLP8mX/cmake-build-himix100/CMakeFiles/CMakeTmp'
Building C object CMakeFiles/cmTC_054c8.dir/testCCompiler.c.o
/opt/hisi-linux/x86-arm/arm-himix100-linux/bin/arm-himix100-linux-gcc    -o CMakeFiles/cmTC_054c8.dir/testCCompiler.c.o   -c /tmp/tmp.p86kyLP8mX/cmake-build-himix100/CMakeFiles/CMakeTmp/testCCompiler.c
Linking C executable cmTC_054c8
/usr/local/bin/cmake -E cmake_link_script CMakeFiles/cmTC_054c8.dir/link.txt --verbose=1
/opt/hisi-linux/x86-arm/arm-himix100-linux/bin/arm-himix100-linux-gcc      CMakeFiles/cmTC_054c8.dir/testCCompiler.c.o  -o cmTC_054c8 
gmake[1]: Leaving directory `/tmp/tmp.p86kyLP8mX/cmake-build-himix100/CMakeFiles/CMakeTmp'


Detecting C compiler ABI info compiled with the following output:
Change Dir: /tmp/tmp.p86kyLP8mX/cmake-build-himix100/CMakeFiles/CMakeTmp

Run Build Command:"/usr/bin/gmake" "cmTC_1bc25/fast"
/usr/bin/gmake -f CMakeFiles/cmTC_1bc25.dir/build.make CMakeFiles/cmTC_1bc25.dir/build
gmake[1]: Entering directory `/tmp/tmp.p86kyLP8mX/cmake-build-himix100/CMakeFiles/CMakeTmp'
Building C object CMakeFiles/cmTC_1bc25.dir/CMakeCCompilerABI.c.o
/opt/hisi-linux/x86-arm/arm-himix100-linux/bin/arm-himix100-linux-gcc    -o CMakeFiles/cmTC_1bc25.dir/CMakeCCompilerABI.c.o   -c /usr/local/share/cmake-3.12/Modules/CMakeCCompilerABI.c
Linking C executable cmTC_1bc25
/usr/local/bin/cmake -E cmake_link_script CMakeFiles/cmTC_1bc25.dir/link.txt --verbose=1
/opt/hisi-linux/x86-arm/arm-himix100-linux/bin/arm-himix100-linux-gcc     -v CMakeFiles/cmTC_1bc25.dir/CMakeCCompilerABI.c.o  -o cmTC_1bc25 
Using built-in specs.
COLLECT_GCC=/opt/hisi-linux/x86-arm/arm-himix100-linux/bin/arm-himix100-linux-gcc
COLLECT_LTO_WRAPPER=/opt/hisi-linux/x86-arm/arm-himix100-linux/host_bin/../libexec/gcc/arm-linux-uclibceabi/6.3.0/lto-wrapper
Target: arm-linux-uclibceabi
Configured with: /home/sying/SDK_CPU_UNIFIED/build/script/arm-himix100-linux/arm_himix100_build_dir/src/gcc-6.3.0/configure --host=i386-redhat-linux --build=i386-redhat-linux --target=arm-linux-uclibceabi --prefix=/home/sying/SDK_CPU_UNIFIED/build/script/arm-himix100-linux/arm_himix100_build_dir/install --enable-threads --disable-libmudflap --disable-libssp --disable-libstdcxx-pch --with-gnu-as --with-gnu-ld --enable-languages=c,c++ --enable-shared --enable-lto --enable-symvers=gnu --enable-__cxa_atexit --disable-nls --enable-clocale=gnu --enable-extra-hisi-multilibs --with-sysroot=/home/sying/SDK_CPU_UNIFIED/build/script/arm-himix100-linux/arm_himix100_build_dir/install/target --with-build-sysroot=/home/sying/SDK_CPU_UNIFIED/build/script/arm-himix100-linux/arm_himix100_build_dir/install/target --with-gmp=/home/sying/SDK_CPU_UNIFIED/build/script/arm-himix100-linux/arm_himix100_build_dir/obj/host-libs/usr --with-mpfr=/home/sying/SDK_CPU_UNIFIED/build/script/arm-himix100-linux/arm_himix100_build_dir/obj/host-libs/usr --with-mpc=/home/sying/SDK_CPU_UNIFIED/build/script/arm-himix100-linux/arm_himix100_build_dir/obj/host-libs/usr --enable-libgomp --disable-libquadmath --disable-fixed-point --disable-libsanitizer --disable-libitm --enable-poison-system-directories --with-pkgversion='HC&C V1R3C00SPC200B005_20190606' --disable-bootstrap
Thread model: posix
gcc version 6.3.0 (HC&C V1R3C00SPC200B005_20190606) 
COMPILER_PATH=/opt/hisi-linux/x86-arm/arm-himix100-linux/host_bin/../libexec/gcc/arm-linux-uclibceabi/6.3.0/:/opt/hisi-linux/x86-arm/arm-himix100-linux/host_bin/../libexec/gcc/:/opt/hisi-linux/x86-arm/arm-himix100-linux/host_bin/../lib/gcc/arm-linux-uclibceabi/6.3.0/../../../../arm-linux-uclibceabi/bin/
LIBRARY_PATH=/opt/hisi-linux/x86-arm/arm-himix100-linux/host_bin/../lib/gcc/arm-linux-uclibceabi/6.3.0/:/opt/hisi-linux/x86-arm/arm-himix100-linux/host_bin/../lib/gcc/:/opt/hisi-linux/x86-arm/arm-himix100-linux/host_bin/../lib/gcc/arm-linux-uclibceabi/6.3.0/../../../../arm-linux-uclibceabi/lib/:/opt/hisi-linux/x86-arm/arm-himix100-linux/host_bin/../target/lib/:/opt/hisi-linux/x86-arm/arm-himix100-linux/host_bin/../target/usr/lib/
COLLECT_GCC_OPTIONS='-v' '-o' 'cmTC_1bc25' '-mtls-dialect=gnu'
 /opt/hisi-linux/x86-arm/arm-himix100-linux/host_bin/../libexec/gcc/arm-linux-uclibceabi/6.3.0/collect2 -plugin /opt/hisi-linux/x86-arm/arm-himix100-linux/host_bin/../libexec/gcc/arm-linux-uclibceabi/6.3.0/liblto_plugin.so -plugin-opt=/opt/hisi-linux/x86-arm/arm-himix100-linux/host_bin/../libexec/gcc/arm-linux-uclibceabi/6.3.0/lto-wrapper -plugin-opt=-fresolution=/tmp/ccyQq2qg.res -plugin-opt=-pass-through=-lgcc -plugin-opt=-pass-through=-lgcc_s -plugin-opt=-pass-through=-lc -plugin-opt=-pass-through=-lgcc -plugin-opt=-pass-through=-lgcc_s --sysroot=/opt/hisi-linux/x86-arm/arm-himix100-linux/host_bin/../target --eh-frame-hdr -dynamic-linker /lib/ld-uClibc.so.0 -X -m armelf_linux_eabi -o cmTC_1bc25 /opt/hisi-linux/x86-arm/arm-himix100-linux/host_bin/../target/usr/lib/crt1.o /opt/hisi-linux/x86-arm/arm-himix100-linux/host_bin/../target/usr/lib/crti.o /opt/hisi-linux/x86-arm/arm-himix100-linux/host_bin/../lib/gcc/arm-linux-uclibceabi/6.3.0/crtbegin.o -L/opt/hisi-linux/x86-arm/arm-himix100-linux/host_bin/../lib/gcc/arm-linux-uclibceabi/6.3.0 -L/opt/hisi-linux/x86-arm/arm-himix100-linux/host_bin/../lib/gcc -L/opt/hisi-linux/x86-arm/arm-himix100-linux/host_bin/../lib/gcc/arm-linux-uclibceabi/6.3.0/../../../../arm-linux-uclibceabi/lib -L/opt/hisi-linux/x86-arm/arm-himix100-linux/host_bin/../target/lib -L/opt/hisi-linux/x86-arm/arm-himix100-linux/host_bin/../target/usr/lib CMakeFiles/cmTC_1bc25.dir/CMakeCCompilerABI.c.o -lgcc --as-needed -lgcc_s --no-as-needed -lc -lgcc --as-needed -lgcc_s --no-as-needed /opt/hisi-linux/x86-arm/arm-himix100-linux/host_bin/../lib/gcc/arm-linux-uclibceabi/6.3.0/crtend.o /opt/hisi-linux/x86-arm/arm-himix100-linux/host_bin/../target/usr/lib/crtn.o
COLLECT_GCC_OPTIONS='-v' '-o' 'cmTC_1bc25' '-mtls-dialect=gnu'
gmake[1]: Leaving directory `/tmp/tmp.p86kyLP8mX/cmake-build-himix100/CMakeFiles/CMakeTmp'


Parsed C implicit link information from above output:
  link line regex: [^( *|.*[/\])(ld|CMAKE_LINK_STARTFILE-NOTFOUND|([^/\]+-)?ld|collect2)[^/\]*( |$)]
  ignore line: [Change Dir: /tmp/tmp.p86kyLP8mX/cmake-build-himix100/CMakeFiles/CMakeTmp]
  ignore line: []
  ignore line: [Run Build Command:"/usr/bin/gmake" "cmTC_1bc25/fast"]
  ignore line: [/usr/bin/gmake -f CMakeFiles/cmTC_1bc25.dir/build.make CMakeFiles/cmTC_1bc25.dir/build]
  ignore line: [gmake[1]: Entering directory `/tmp/tmp.p86kyLP8mX/cmake-build-himix100/CMakeFiles/CMakeTmp']
  ignore line: [Building C object CMakeFiles/cmTC_1bc25.dir/CMakeCCompilerABI.c.o]
  ignore line: [/opt/hisi-linux/x86-arm/arm-himix100-linux/bin/arm-himix100-linux-gcc    -o CMakeFiles/cmTC_1bc25.dir/CMakeCCompilerABI.c.o   -c /usr/local/share/cmake-3.12/Modules/CMakeCCompilerABI.c]
  ignore line: [Linking C executable cmTC_1bc25]
  ignore line: [/usr/local/bin/cmake -E cmake_link_script CMakeFiles/cmTC_1bc25.dir/link.txt --verbose=1]
  ignore line: [/opt/hisi-linux/x86-arm/arm-himix100-linux/bin/arm-himix100-linux-gcc     -v CMakeFiles/cmTC_1bc25.dir/CMakeCCompilerABI.c.o  -o cmTC_1bc25 ]
  ignore line: [Using built-in specs.]
  ignore line: [COLLECT_GCC=/opt/hisi-linux/x86-arm/arm-himix100-linux/bin/arm-himix100-linux-gcc]
  ignore line: [COLLECT_LTO_WRAPPER=/opt/hisi-linux/x86-arm/arm-himix100-linux/host_bin/../libexec/gcc/arm-linux-uclibceabi/6.3.0/lto-wrapper]
  ignore line: [Target: arm-linux-uclibceabi]
  ignore line: [Configured with: /home/sying/SDK_CPU_UNIFIED/build/script/arm-himix100-linux/arm_himix100_build_dir/src/gcc-6.3.0/configure --host=i386-redhat-linux --build=i386-redhat-linux --target=arm-linux-uclibceabi --prefix=/home/sying/SDK_CPU_UNIFIED/build/script/arm-himix100-linux/arm_himix100_build_dir/install --enable-threads --disable-libmudflap --disable-libssp --disable-libstdcxx-pch --with-gnu-as --with-gnu-ld --enable-languages=c,c++ --enable-shared --enable-lto --enable-symvers=gnu --enable-__cxa_atexit --disable-nls --enable-clocale=gnu --enable-extra-hisi-multilibs --with-sysroot=/home/sying/SDK_CPU_UNIFIED/build/script/arm-himix100-linux/arm_himix100_build_dir/install/target --with-build-sysroot=/home/sying/SDK_CPU_UNIFIED/build/script/arm-himix100-linux/arm_himix100_build_dir/install/target --with-gmp=/home/sying/SDK_CPU_UNIFIED/build/script/arm-himix100-linux/arm_himix100_build_dir/obj/host-libs/usr --with-mpfr=/home/sying/SDK_CPU_UNIFIED/build/script/arm-himix100-linux/arm_himix100_build_dir/obj/host-libs/usr --with-mpc=/home/sying/SDK_CPU_UNIFIED/build/script/arm-himix100-linux/arm_himix100_build_dir/obj/host-libs/usr --enable-libgomp --disable-libquadmath --disable-fixed-point --disable-libsanitizer --disable-libitm --enable-poison-system-directories --with-pkgversion='HC&C V1R3C00SPC200B005_20190606' --disable-bootstrap]
  ignore line: [Thread model: posix]
  ignore line: [gcc version 6.3.0 (HC&C V1R3C00SPC200B005_20190606) ]
  ignore line: [COMPILER_PATH=/opt/hisi-linux/x86-arm/arm-himix100-linux/host_bin/../libexec/gcc/arm-linux-uclibceabi/6.3.0/:/opt/hisi-linux/x86-arm/arm-himix100-linux/host_bin/../libexec/gcc/:/opt/hisi-linux/x86-arm/arm-himix100-linux/host_bin/../lib/gcc/arm-linux-uclibceabi/6.3.0/../../../../arm-linux-uclibceabi/bin/]
  ignore line: [LIBRARY_PATH=/opt/hisi-linux/x86-arm/arm-himix100-linux/host_bin/../lib/gcc/arm-linux-uclibceabi/6.3.0/:/opt/hisi-linux/x86-arm/arm-himix100-linux/host_bin/../lib/gcc/:/opt/hisi-linux/x86-arm/arm-himix100-linux/host_bin/../lib/gcc/arm-linux-uclibceabi/6.3.0/../../../../arm-linux-uclibceabi/lib/:/opt/hisi-linux/x86-arm/arm-himix100-linux/host_bin/../target/lib/:/opt/hisi-linux/x86-arm/arm-himix100-linux/host_bin/../target/usr/lib/]
  ignore line: [COLLECT_GCC_OPTIONS='-v' '-o' 'cmTC_1bc25' '-mtls-dialect=gnu']
  link line: [ /opt/hisi-linux/x86-arm/arm-himix100-linux/host_bin/../libexec/gcc/arm-linux-uclibceabi/6.3.0/collect2 -plugin /opt/hisi-linux/x86-arm/arm-himix100-linux/host_bin/../libexec/gcc/arm-linux-uclibceabi/6.3.0/liblto_plugin.so -plugin-opt=/opt/hisi-linux/x86-arm/arm-himix100-linux/host_bin/../libexec/gcc/arm-linux-uclibceabi/6.3.0/lto-wrapper -plugin-opt=-fresolution=/tmp/ccyQq2qg.res -plugin-opt=-pass-through=-lgcc -plugin-opt=-pass-through=-lgcc_s -plugin-opt=-pass-through=-lc -plugin-opt=-pass-through=-lgcc -plugin-opt=-pass-through=-lgcc_s --sysroot=/opt/hisi-linux/x86-arm/arm-himix100-linux/host_bin/../target --eh-frame-hdr -dynamic-linker /lib/ld-uClibc.so.0 -X -m armelf_linux_eabi -o cmTC_1bc25 /opt/hisi-linux/x86-arm/arm-himix100-linux/host_bin/../target/usr/lib/crt1.o /opt/hisi-linux/x86-arm/arm-himix100-linux/host_bin/../target/usr/lib/crti.o /opt/hisi-linux/x86-arm/arm-himix100-linux/host_bin/../lib/gcc/arm-linux-uclibceabi/6.3.0/crtbegin.o -L/opt/hisi-linux/x86-arm/arm-himix100-linux/host_bin/../lib/gcc/arm-linux-uclibceabi/6.3.0 -L/opt/hisi-linux/x86-arm/arm-himix100-linux/host_bin/../lib/gcc -L/opt/hisi-linux/x86-arm/arm-himix100-linux/host_bin/../lib/gcc/arm-linux-uclibceabi/6.3.0/../../../../arm-linux-uclibceabi/lib -L/opt/hisi-linux/x86-arm/arm-himix100-linux/host_bin/../target/lib -L/opt/hisi-linux/x86-arm/arm-himix100-linux/host_bin/../target/usr/lib CMakeFiles/cmTC_1bc25.dir/CMakeCCompilerABI.c.o -lgcc --as-needed -lgcc_s --no-as-needed -lc -lgcc --as-needed -lgcc_s --no-as-needed /opt/hisi-linux/x86-arm/arm-himix100-linux/host_bin/../lib/gcc/arm-linux-uclibceabi/6.3.0/crtend.o /opt/hisi-linux/x86-arm/arm-himix100-linux/host_bin/../target/usr/lib/crtn.o]
    arg [/opt/hisi-linux/x86-arm/arm-himix100-linux/host_bin/../libexec/gcc/arm-linux-uclibceabi/6.3.0/collect2] ==> ignore
    arg [-plugin] ==> ignore
    arg [/opt/hisi-linux/x86-arm/arm-himix100-linux/host_bin/../libexec/gcc/arm-linux-uclibceabi/6.3.0/liblto_plugin.so] ==> ignore
    arg [-plugin-opt=/opt/hisi-linux/x86-arm/arm-himix100-linux/host_bin/../libexec/gcc/arm-linux-uclibceabi/6.3.0/lto-wrapper] ==> ignore
    arg [-plugin-opt=-fresolution=/tmp/ccyQq2qg.res] ==> ignore
    arg [-plugin-opt=-pass-through=-lgcc] ==> ignore
    arg [-plugin-opt=-pass-through=-lgcc_s] ==> ignore
    arg [-plugin-opt=-pass-through=-lc] ==> ignore
    arg [-plugin-opt=-pass-through=-lgcc] ==> ignore
    arg [-plugin-opt=-pass-through=-lgcc_s] ==> ignore
    arg [--sysroot=/opt/hisi-linux/x86-arm/arm-himix100-linux/host_bin/../target] ==> ignore
    arg [--eh-frame-hdr] ==> ignore
    arg [-dynamic-linker] ==> ignore
    arg [/lib/ld-uClibc.so.0] ==> ignore
    arg [-X] ==> ignore
    arg [-m] ==> ignore
    arg [armelf_linux_eabi] ==> ignore
    arg [-o] ==> ignore
    arg [cmTC_1bc25] ==> ignore
    arg [/opt/hisi-linux/x86-arm/arm-himix100-linux/host_bin/../target/usr/lib/crt1.o] ==> ignore
    arg [/opt/hisi-linux/x86-arm/arm-himix100-linux/host_bin/../target/usr/lib/crti.o] ==> ignore
    arg [/opt/hisi-linux/x86-arm/arm-himix100-linux/host_bin/../lib/gcc/arm-linux-uclibceabi/6.3.0/crtbegin.o] ==> ignore
    arg [-L/opt/hisi-linux/x86-arm/arm-himix100-linux/host_bin/../lib/gcc/arm-linux-uclibceabi/6.3.0] ==> dir [/opt/hisi-linux/x86-arm/arm-himix100-linux/host_bin/../lib/gcc/arm-linux-uclibceabi/6.3.0]
    arg [-L/opt/hisi-linux/x86-arm/arm-himix100-linux/host_bin/../lib/gcc] ==> dir [/opt/hisi-linux/x86-arm/arm-himix100-linux/host_bin/../lib/gcc]
    arg [-L/opt/hisi-linux/x86-arm/arm-himix100-linux/host_bin/../lib/gcc/arm-linux-uclibceabi/6.3.0/../../../../arm-linux-uclibceabi/lib] ==> dir [/opt/hisi-linux/x86-arm/arm-himix100-linux/host_bin/../lib/gcc/arm-linux-uclibceabi/6.3.0/../../../../arm-linux-uclibceabi/lib]
    arg [-L/opt/hisi-linux/x86-arm/arm-himix100-linux/host_bin/../target/lib] ==> dir [/opt/hisi-linux/x86-arm/arm-himix100-linux/host_bin/../target/lib]
    arg [-L/opt/hisi-linux/x86-arm/arm-himix100-linux/host_bin/../target/usr/lib] ==> dir [/opt/hisi-linux/x86-arm/arm-himix100-linux/host_bin/../target/usr/lib]
    arg [CMakeFiles/cmTC_1bc25.dir/CMakeCCompilerABI.c.o] ==> ignore
    arg [-lgcc] ==> lib [gcc]
    arg [--as-needed] ==> ignore
    arg [-lgcc_s] ==> lib [gcc_s]
    arg [--no-as-needed] ==> ignore
    arg [-lc] ==> lib [c]
    arg [-lgcc] ==> lib [gcc]
    arg [--as-needed] ==> ignore
    arg [-lgcc_s] ==> lib [gcc_s]
    arg [--no-as-needed] ==> ignore
    arg [/opt/hisi-linux/x86-arm/arm-himix100-linux/host_bin/../lib/gcc/arm-linux-uclibceabi/6.3.0/crtend.o] ==> ignore
    arg [/opt/hisi-linux/x86-arm/arm-himix100-linux/host_bin/../target/usr/lib/crtn.o] ==> ignore
  collapse library dir [/opt/hisi-linux/x86-arm/arm-himix100-linux/host_bin/../lib/gcc/arm-linux-uclibceabi/6.3.0] ==> [/opt/hisi-linux/x86-arm/arm-himix100-linux/lib/gcc/arm-linux-uclibceabi/6.3.0]
  collapse library dir [/opt/hisi-linux/x86-arm/arm-himix100-linux/host_bin/../lib/gcc] ==> [/opt/hisi-linux/x86-arm/arm-himix100-linux/lib/gcc]
  collapse library dir [/opt/hisi-linux/x86-arm/arm-himix100-linux/host_bin/../lib/gcc/arm-linux-uclibceabi/6.3.0/../../../../arm-linux-uclibceabi/lib] ==> [/opt/hisi-linux/x86-arm/arm-himix100-linux/arm-linux-uclibceabi/lib]
  collapse library dir [/opt/hisi-linux/x86-arm/arm-himix100-linux/host_bin/../target/lib] ==> [/opt/hisi-linux/x86-arm/arm-himix100-linux/target/lib]
  collapse library dir [/opt/hisi-linux/x86-arm/arm-himix100-linux/host_bin/../target/usr/lib] ==> [/opt/hisi-linux/x86-arm/arm-himix100-linux/target/usr/lib]
  implicit libs: [gcc;gcc_s;c;gcc;gcc_s]
  implicit dirs: [/opt/hisi-linux/x86-arm/arm-himix100-linux/lib/gcc/arm-linux-uclibceabi/6.3.0;/opt/hisi-linux/x86-arm/arm-himix100-linux/lib/gcc;/opt/hisi-linux/x86-arm/arm-himix100-linux/arm-linux-uclibceabi/lib;/opt/hisi-linux/x86-arm/arm-himix100-linux/target/lib;/opt/hisi-linux/x86-arm/arm-himix100-linux/target/usr/lib]
  implicit fwks: []




Detecting C [-std=c11] compiler features compiled with the following output:
Change Dir: /tmp/tmp.p86kyLP8mX/cmake-build-himix100/CMakeFiles/CMakeTmp

Run Build Command:"/usr/bin/gmake" "cmTC_9fffd/fast"
/usr/bin/gmake -f CMakeFiles/cmTC_9fffd.dir/build.make CMakeFiles/cmTC_9fffd.dir/build
gmake[1]: Entering directory `/tmp/tmp.p86kyLP8mX/cmake-build-himix100/CMakeFiles/CMakeTmp'
Building C object CMakeFiles/cmTC_9fffd.dir/feature_tests.c.o
/opt/hisi-linux/x86-arm/arm-himix100-linux/bin/arm-himix100-linux-gcc   -std=c11 -o CMakeFiles/cmTC_9fffd.dir/feature_tests.c.o   -c /tmp/tmp.p86kyLP8mX/cmake-build-himix100/CMakeFiles/feature_tests.c
Linking C executable cmTC_9fffd
/usr/local/bin/cmake -E cmake_link_script CMakeFiles/cmTC_9fffd.dir/link.txt --verbose=1
/opt/hisi-linux/x86-arm/arm-himix100-linux/bin/arm-himix100-linux-gcc      CMakeFiles/cmTC_9fffd.dir/feature_tests.c.o  -o cmTC_9fffd 
gmake[1]: Leaving directory `/tmp/tmp.p86kyLP8mX/cmake-build-himix100/CMakeFiles/CMakeTmp'


    Feature record: C_FEATURE:1c_function_prototypes
    Feature record: C_FEATURE:1c_restrict
    Feature record: C_FEATURE:1c_static_assert
    Feature record: C_FEATURE:1c_variadic_macros


Detecting C [-std=c99] compiler features compiled with the following output:
Change Dir: /tmp/tmp.p86kyLP8mX/cmake-build-himix100/CMakeFiles/CMakeTmp

Run Build Command:"/usr/bin/gmake" "cmTC_3244c/fast"
/usr/bin/gmake -f CMakeFiles/cmTC_3244c.dir/build.make CMakeFiles/cmTC_3244c.dir/build
gmake[1]: Entering directory `/tmp/tmp.p86kyLP8mX/cmake-build-himix100/CMakeFiles/CMakeTmp'
Building C object CMakeFiles/cmTC_3244c.dir/feature_tests.c.o
/opt/hisi-linux/x86-arm/arm-himix100-linux/bin/arm-himix100-linux-gcc   -std=c99 -o CMakeFiles/cmTC_3244c.dir/feature_tests.c.o   -c /tmp/tmp.p86kyLP8mX/cmake-build-himix100/CMakeFiles/feature_tests.c
Linking C executable cmTC_3244c
/usr/local/bin/cmake -E cmake_link_script CMakeFiles/cmTC_3244c.dir/link.txt --verbose=1
/opt/hisi-linux/x86-arm/arm-himix100-linux/bin/arm-himix100-linux-gcc      CMakeFiles/cmTC_3244c.dir/feature_tests.c.o  -o cmTC_3244c 
gmake[1]: Leaving directory `/tmp/tmp.p86kyLP8mX/cmake-build-himix100/CMakeFiles/CMakeTmp'


    Feature record: C_FEATURE:1c_function_prototypes
    Feature record: C_FEATURE:1c_restrict
    Feature record: C_FEATURE:0c_static_assert
    Feature record: C_FEATURE:1c_variadic_macros


Detecting C [-std=c90] compiler features compiled with the following output:
Change Dir: /tmp/tmp.p86kyLP8mX/cmake-build-himix100/CMakeFiles/CMakeTmp

Run Build Command:"/usr/bin/gmake" "cmTC_b8f5a/fast"
/usr/bin/gmake -f CMakeFiles/cmTC_b8f5a.dir/build.make CMakeFiles/cmTC_b8f5a.dir/build
gmake[1]: Entering directory `/tmp/tmp.p86kyLP8mX/cmake-build-himix100/CMakeFiles/CMakeTmp'
Building C object CMakeFiles/cmTC_b8f5a.dir/feature_tests.c.o
/opt/hisi-linux/x86-arm/arm-himix100-linux/bin/arm-himix100-linux-gcc   -std=c90 -o CMakeFiles/cmTC_b8f5a.dir/feature_tests.c.o   -c /tmp/tmp.p86kyLP8mX/cmake-build-himix100/CMakeFiles/feature_tests.c
Linking C executable cmTC_b8f5a
/usr/local/bin/cmake -E cmake_link_script CMakeFiles/cmTC_b8f5a.dir/link.txt --verbose=1
/opt/hisi-linux/x86-arm/arm-himix100-linux/bin/arm-himix100-linux-gcc      CMakeFiles/cmTC_b8f5a.dir/feature_tests.c.o  -o cmTC_b8f5a 
gmake[1]: Leaving directory `/tmp/tmp.p86kyLP8mX/cmake-build-himix100/CMakeFiles/CMakeTmp'


    Feature record: C_FEATURE:1c_function_prototypes
    Feature record: C_FEATURE:0c_restrict
    Feature record: C_FEATURE:0c_static_assert
    Feature record: C_FEATURE:0c_variadic_macros
Determining if the CXX compiler works passed with the following output:
Change Dir: /tmp/tmp.p86kyLP8mX/cmake-build-himix100/CMakeFiles/CMakeTmp

Run Build Command:"/usr/bin/gmake" "cmTC_ecf48/fast"
/usr/bin/gmake -f CMakeFiles/cmTC_ecf48.dir/build.make CMakeFiles/cmTC_ecf48.dir/build
gmake[1]: Entering directory `/tmp/tmp.p86kyLP8mX/cmake-build-himix100/CMakeFiles/CMakeTmp'
Building CXX object CMakeFiles/cmTC_ecf48.dir/testCXXCompiler.cxx.o
/opt/hisi-linux/x86-arm/arm-himix100-linux/bin/arm-himix100-linux-g++     -o CMakeFiles/cmTC_ecf48.dir/testCXXCompiler.cxx.o -c /tmp/tmp.p86kyLP8mX/cmake-build-himix100/CMakeFiles/CMakeTmp/testCXXCompiler.cxx
Linking CXX executable cmTC_ecf48
/usr/local/bin/cmake -E cmake_link_script CMakeFiles/cmTC_ecf48.dir/link.txt --verbose=1
/opt/hisi-linux/x86-arm/arm-himix100-linux/bin/arm-himix100-linux-g++       CMakeFiles/cmTC_ecf48.dir/testCXXCompiler.cxx.o  -o cmTC_ecf48 
gmake[1]: Leaving directory `/tmp/tmp.p86kyLP8mX/cmake-build-himix100/CMakeFiles/CMakeTmp'


Detecting CXX compiler ABI info compiled with the following output:
Change Dir: /tmp/tmp.p86kyLP8mX/cmake-build-himix100/CMakeFiles/CMakeTmp

Run Build Command:"/usr/bin/gmake" "cmTC_952e8/fast"
/usr/bin/gmake -f CMakeFiles/cmTC_952e8.dir/build.make CMakeFiles/cmTC_952e8.dir/build
gmake[1]: Entering directory `/tmp/tmp.p86kyLP8mX/cmake-build-himix100/CMakeFiles/CMakeTmp'
Building CXX object CMakeFiles/cmTC_952e8.dir/CMakeCXXCompilerABI.cpp.o
/opt/hisi-linux/x86-arm/arm-himix100-linux/bin/arm-himix100-linux-g++     -o CMakeFiles/cmTC_952e8.dir/CMakeCXXCompilerABI.cpp.o -c /usr/local/share/cmake-3.12/Modules/CMakeCXXCompilerABI.cpp
Linking CXX executable cmTC_952e8
/usr/local/bin/cmake -E cmake_link_script CMakeFiles/cmTC_952e8.dir/link.txt --verbose=1
/opt/hisi-linux/x86-arm/arm-himix100-linux/bin/arm-himix100-linux-g++      -v CMakeFiles/cmTC_952e8.dir/CMakeCXXCompilerABI.cpp.o  -o cmTC_952e8 
Using built-in specs.
COLLECT_GCC=/opt/hisi-linux/x86-arm/arm-himix100-linux/bin/arm-himix100-linux-g++
COLLECT_LTO_WRAPPER=/opt/hisi-linux/x86-arm/arm-himix100-linux/host_bin/../libexec/gcc/arm-linux-uclibceabi/6.3.0/lto-wrapper
Target: arm-linux-uclibceabi
Configured with: /home/sying/SDK_CPU_UNIFIED/build/script/arm-himix100-linux/arm_himix100_build_dir/src/gcc-6.3.0/configure --host=i386-redhat-linux --build=i386-redhat-linux --target=arm-linux-uclibceabi --prefix=/home/sying/SDK_CPU_UNIFIED/build/script/arm-himix100-linux/arm_himix100_build_dir/install --enable-threads --disable-libmudflap --disable-libssp --disable-libstdcxx-pch --with-gnu-as --with-gnu-ld --enable-languages=c,c++ --enable-shared --enable-lto --enable-symvers=gnu --enable-__cxa_atexit --disable-nls --enable-clocale=gnu --enable-extra-hisi-multilibs --with-sysroot=/home/sying/SDK_CPU_UNIFIED/build/script/arm-himix100-linux/arm_himix100_build_dir/install/target --with-build-sysroot=/home/sying/SDK_CPU_UNIFIED/build/script/arm-himix100-linux/arm_himix100_build_dir/install/target --with-gmp=/home/sying/SDK_CPU_UNIFIED/build/script/arm-himix100-linux/arm_himix100_build_dir/obj/host-libs/usr --with-mpfr=/home/sying/SDK_CPU_UNIFIED/build/script/arm-himix100-linux/arm_himix100_build_dir/obj/host-libs/usr --with-mpc=/home/sying/SDK_CPU_UNIFIED/build/script/arm-himix100-linux/arm_himix100_build_dir/obj/host-libs/usr --enable-libgomp --disable-libquadmath --disable-fixed-point --disable-libsanitizer --disable-libitm --enable-poison-system-directories --with-pkgversion='HC&C V1R3C00SPC200B005_20190606' --disable-bootstrap
Thread model: posix
gcc version 6.3.0 (HC&C V1R3C00SPC200B005_20190606) 
COMPILER_PATH=/opt/hisi-linux/x86-arm/arm-himix100-linux/host_bin/../libexec/gcc/arm-linux-uclibceabi/6.3.0/:/opt/hisi-linux/x86-arm/arm-himix100-linux/host_bin/../libexec/gcc/:/opt/hisi-linux/x86-arm/arm-himix100-linux/host_bin/../lib/gcc/arm-linux-uclibceabi/6.3.0/../../../../arm-linux-uclibceabi/bin/
LIBRARY_PATH=/opt/hisi-linux/x86-arm/arm-himix100-linux/host_bin/../lib/gcc/arm-linux-uclibceabi/6.3.0/:/opt/hisi-linux/x86-arm/arm-himix100-linux/host_bin/../lib/gcc/:/opt/hisi-linux/x86-arm/arm-himix100-linux/host_bin/../lib/gcc/arm-linux-uclibceabi/6.3.0/../../../../arm-linux-uclibceabi/lib/:/opt/hisi-linux/x86-arm/arm-himix100-linux/host_bin/../target/lib/:/opt/hisi-linux/x86-arm/arm-himix100-linux/host_bin/../target/usr/lib/
COLLECT_GCC_OPTIONS='-v' '-o' 'cmTC_952e8' '-shared-libgcc' '-mtls-dialect=gnu'
 /opt/hisi-linux/x86-arm/arm-himix100-linux/host_bin/../libexec/gcc/arm-linux-uclibceabi/6.3.0/collect2 -plugin /opt/hisi-linux/x86-arm/arm-himix100-linux/host_bin/../libexec/gcc/arm-linux-uclibceabi/6.3.0/liblto_plugin.so -plugin-opt=/opt/hisi-linux/x86-arm/arm-himix100-linux/host_bin/../libexec/gcc/arm-linux-uclibceabi/6.3.0/lto-wrapper -plugin-opt=-fresolution=/tmp/ccwxMWwn.res -plugin-opt=-pass-through=-lgcc_s -plugin-opt=-pass-through=-lgcc -plugin-opt=-pass-through=-lc -plugin-opt=-pass-through=-lgcc_s -plugin-opt=-pass-through=-lgcc --sysroot=/opt/hisi-linux/x86-arm/arm-himix100-linux/host_bin/../target --eh-frame-hdr -dynamic-linker /lib/ld-uClibc.so.0 -X -m armelf_linux_eabi -o cmTC_952e8 /opt/hisi-linux/x86-arm/arm-himix100-linux/host_bin/../target/usr/lib/crt1.o /opt/hisi-linux/x86-arm/arm-himix100-linux/host_bin/../target/usr/lib/crti.o /opt/hisi-linux/x86-arm/arm-himix100-linux/host_bin/../lib/gcc/arm-linux-uclibceabi/6.3.0/crtbegin.o -L/opt/hisi-linux/x86-arm/arm-himix100-linux/host_bin/../lib/gcc/arm-linux-uclibceabi/6.3.0 -L/opt/hisi-linux/x86-arm/arm-himix100-linux/host_bin/../lib/gcc -L/opt/hisi-linux/x86-arm/arm-himix100-linux/host_bin/../lib/gcc/arm-linux-uclibceabi/6.3.0/../../../../arm-linux-uclibceabi/lib -L/opt/hisi-linux/x86-arm/arm-himix100-linux/host_bin/../target/lib -L/opt/hisi-linux/x86-arm/arm-himix100-linux/host_bin/../target/usr/lib CMakeFiles/cmTC_952e8.dir/CMakeCXXCompilerABI.cpp.o -lstdc++ -lm -lgcc_s -lgcc -lc -lgcc_s -lgcc /opt/hisi-linux/x86-arm/arm-himix100-linux/host_bin/../lib/gcc/arm-linux-uclibceabi/6.3.0/crtend.o /opt/hisi-linux/x86-arm/arm-himix100-linux/host_bin/../target/usr/lib/crtn.o
COLLECT_GCC_OPTIONS='-v' '-o' 'cmTC_952e8' '-shared-libgcc' '-mtls-dialect=gnu'
gmake[1]: Leaving directory `/tmp/tmp.p86kyLP8mX/cmake-build-himix100/CMakeFiles/CMakeTmp'


Parsed CXX implicit link information from above output:
  link line regex: [^( *|.*[/\])(ld|CMAKE_LINK_STARTFILE-NOTFOUND|([^/\]+-)?ld|collect2)[^/\]*( |$)]
  ignore line: [Change Dir: /tmp/tmp.p86kyLP8mX/cmake-build-himix100/CMakeFiles/CMakeTmp]
  ignore line: []
  ignore line: [Run Build Command:"/usr/bin/gmake" "cmTC_952e8/fast"]
  ignore line: [/usr/bin/gmake -f CMakeFiles/cmTC_952e8.dir/build.make CMakeFiles/cmTC_952e8.dir/build]
  ignore line: [gmake[1]: Entering directory `/tmp/tmp.p86kyLP8mX/cmake-build-himix100/CMakeFiles/CMakeTmp']
  ignore line: [Building CXX object CMakeFiles/cmTC_952e8.dir/CMakeCXXCompilerABI.cpp.o]
  ignore line: [/opt/hisi-linux/x86-arm/arm-himix100-linux/bin/arm-himix100-linux-g++     -o CMakeFiles/cmTC_952e8.dir/CMakeCXXCompilerABI.cpp.o -c /usr/local/share/cmake-3.12/Modules/CMakeCXXCompilerABI.cpp]
  ignore line: [Linking CXX executable cmTC_952e8]
  ignore line: [/usr/local/bin/cmake -E cmake_link_script CMakeFiles/cmTC_952e8.dir/link.txt --verbose=1]
  ignore line: [/opt/hisi-linux/x86-arm/arm-himix100-linux/bin/arm-himix100-linux-g++      -v CMakeFiles/cmTC_952e8.dir/CMakeCXXCompilerABI.cpp.o  -o cmTC_952e8 ]
  ignore line: [Using built-in specs.]
  ignore line: [COLLECT_GCC=/opt/hisi-linux/x86-arm/arm-himix100-linux/bin/arm-himix100-linux-g++]
  ignore line: [COLLECT_LTO_WRAPPER=/opt/hisi-linux/x86-arm/arm-himix100-linux/host_bin/../libexec/gcc/arm-linux-uclibceabi/6.3.0/lto-wrapper]
  ignore line: [Target: arm-linux-uclibceabi]
  ignore line: [Configured with: /home/sying/SDK_CPU_UNIFIED/build/script/arm-himix100-linux/arm_himix100_build_dir/src/gcc-6.3.0/configure --host=i386-redhat-linux --build=i386-redhat-linux --target=arm-linux-uclibceabi --prefix=/home/sying/SDK_CPU_UNIFIED/build/script/arm-himix100-linux/arm_himix100_build_dir/install --enable-threads --disable-libmudflap --disable-libssp --disable-libstdcxx-pch --with-gnu-as --with-gnu-ld --enable-languages=c,c++ --enable-shared --enable-lto --enable-symvers=gnu --enable-__cxa_atexit --disable-nls --enable-clocale=gnu --enable-extra-hisi-multilibs --with-sysroot=/home/sying/SDK_CPU_UNIFIED/build/script/arm-himix100-linux/arm_himix100_build_dir/install/target --with-build-sysroot=/home/sying/SDK_CPU_UNIFIED/build/script/arm-himix100-linux/arm_himix100_build_dir/install/target --with-gmp=/home/sying/SDK_CPU_UNIFIED/build/script/arm-himix100-linux/arm_himix100_build_dir/obj/host-libs/usr --with-mpfr=/home/sying/SDK_CPU_UNIFIED/build/script/arm-himix100-linux/arm_himix100_build_dir/obj/host-libs/usr --with-mpc=/home/sying/SDK_CPU_UNIFIED/build/script/arm-himix100-linux/arm_himix100_build_dir/obj/host-libs/usr --enable-libgomp --disable-libquadmath --disable-fixed-point --disable-libsanitizer --disable-libitm --enable-poison-system-directories --with-pkgversion='HC&C V1R3C00SPC200B005_20190606' --disable-bootstrap]
  ignore line: [Thread model: posix]
  ignore line: [gcc version 6.3.0 (HC&C V1R3C00SPC200B005_20190606) ]
  ignore line: [COMPILER_PATH=/opt/hisi-linux/x86-arm/arm-himix100-linux/host_bin/../libexec/gcc/arm-linux-uclibceabi/6.3.0/:/opt/hisi-linux/x86-arm/arm-himix100-linux/host_bin/../libexec/gcc/:/opt/hisi-linux/x86-arm/arm-himix100-linux/host_bin/../lib/gcc/arm-linux-uclibceabi/6.3.0/../../../../arm-linux-uclibceabi/bin/]
  ignore line: [LIBRARY_PATH=/opt/hisi-linux/x86-arm/arm-himix100-linux/host_bin/../lib/gcc/arm-linux-uclibceabi/6.3.0/:/opt/hisi-linux/x86-arm/arm-himix100-linux/host_bin/../lib/gcc/:/opt/hisi-linux/x86-arm/arm-himix100-linux/host_bin/../lib/gcc/arm-linux-uclibceabi/6.3.0/../../../../arm-linux-uclibceabi/lib/:/opt/hisi-linux/x86-arm/arm-himix100-linux/host_bin/../target/lib/:/opt/hisi-linux/x86-arm/arm-himix100-linux/host_bin/../target/usr/lib/]
  ignore line: [COLLECT_GCC_OPTIONS='-v' '-o' 'cmTC_952e8' '-shared-libgcc' '-mtls-dialect=gnu']
  link line: [ /opt/hisi-linux/x86-arm/arm-himix100-linux/host_bin/../libexec/gcc/arm-linux-uclibceabi/6.3.0/collect2 -plugin /opt/hisi-linux/x86-arm/arm-himix100-linux/host_bin/../libexec/gcc/arm-linux-uclibceabi/6.3.0/liblto_plugin.so -plugin-opt=/opt/hisi-linux/x86-arm/arm-himix100-linux/host_bin/../libexec/gcc/arm-linux-uclibceabi/6.3.0/lto-wrapper -plugin-opt=-fresolution=/tmp/ccwxMWwn.res -plugin-opt=-pass-through=-lgcc_s -plugin-opt=-pass-through=-lgcc -plugin-opt=-pass-through=-lc -plugin-opt=-pass-through=-lgcc_s -plugin-opt=-pass-through=-lgcc --sysroot=/opt/hisi-linux/x86-arm/arm-himix100-linux/host_bin/../target --eh-frame-hdr -dynamic-linker /lib/ld-uClibc.so.0 -X -m armelf_linux_eabi -o cmTC_952e8 /opt/hisi-linux/x86-arm/arm-himix100-linux/host_bin/../target/usr/lib/crt1.o /opt/hisi-linux/x86-arm/arm-himix100-linux/host_bin/../target/usr/lib/crti.o /opt/hisi-linux/x86-arm/arm-himix100-linux/host_bin/../lib/gcc/arm-linux-uclibceabi/6.3.0/crtbegin.o -L/opt/hisi-linux/x86-arm/arm-himix100-linux/host_bin/../lib/gcc/arm-linux-uclibceabi/6.3.0 -L/opt/hisi-linux/x86-arm/arm-himix100-linux/host_bin/../lib/gcc -L/opt/hisi-linux/x86-arm/arm-himix100-linux/host_bin/../lib/gcc/arm-linux-uclibceabi/6.3.0/../../../../arm-linux-uclibceabi/lib -L/opt/hisi-linux/x86-arm/arm-himix100-linux/host_bin/../target/lib -L/opt/hisi-linux/x86-arm/arm-himix100-linux/host_bin/../target/usr/lib CMakeFiles/cmTC_952e8.dir/CMakeCXXCompilerABI.cpp.o -lstdc++ -lm -lgcc_s -lgcc -lc -lgcc_s -lgcc /opt/hisi-linux/x86-arm/arm-himix100-linux/host_bin/../lib/gcc/arm-linux-uclibceabi/6.3.0/crtend.o /opt/hisi-linux/x86-arm/arm-himix100-linux/host_bin/../target/usr/lib/crtn.o]
    arg [/opt/hisi-linux/x86-arm/arm-himix100-linux/host_bin/../libexec/gcc/arm-linux-uclibceabi/6.3.0/collect2] ==> ignore
    arg [-plugin] ==> ignore
    arg [/opt/hisi-linux/x86-arm/arm-himix100-linux/host_bin/../libexec/gcc/arm-linux-uclibceabi/6.3.0/liblto_plugin.so] ==> ignore
    arg [-plugin-opt=/opt/hisi-linux/x86-arm/arm-himix100-linux/host_bin/../libexec/gcc/arm-linux-uclibceabi/6.3.0/lto-wrapper] ==> ignore
    arg [-plugin-opt=-fresolution=/tmp/ccwxMWwn.res] ==> ignore
    arg [-plugin-opt=-pass-through=-lgcc_s] ==> ignore
    arg [-plugin-opt=-pass-through=-lgcc] ==> ignore
    arg [-plugin-opt=-pass-through=-lc] ==> ignore
    arg [-plugin-opt=-pass-through=-lgcc_s] ==> ignore
    arg [-plugin-opt=-pass-through=-lgcc] ==> ignore
    arg [--sysroot=/opt/hisi-linux/x86-arm/arm-himix100-linux/host_bin/../target] ==> ignore
    arg [--eh-frame-hdr] ==> ignore
    arg [-dynamic-linker] ==> ignore
    arg [/lib/ld-uClibc.so.0] ==> ignore
    arg [-X] ==> ignore
    arg [-m] ==> ignore
    arg [armelf_linux_eabi] ==> ignore
    arg [-o] ==> ignore
    arg [cmTC_952e8] ==> ignore
    arg [/opt/hisi-linux/x86-arm/arm-himix100-linux/host_bin/../target/usr/lib/crt1.o] ==> ignore
    arg [/opt/hisi-linux/x86-arm/arm-himix100-linux/host_bin/../target/usr/lib/crti.o] ==> ignore
    arg [/opt/hisi-linux/x86-arm/arm-himix100-linux/host_bin/../lib/gcc/arm-linux-uclibceabi/6.3.0/crtbegin.o] ==> ignore
    arg [-L/opt/hisi-linux/x86-arm/arm-himix100-linux/host_bin/../lib/gcc/arm-linux-uclibceabi/6.3.0] ==> dir [/opt/hisi-linux/x86-arm/arm-himix100-linux/host_bin/../lib/gcc/arm-linux-uclibceabi/6.3.0]
    arg [-L/opt/hisi-linux/x86-arm/arm-himix100-linux/host_bin/../lib/gcc] ==> dir [/opt/hisi-linux/x86-arm/arm-himix100-linux/host_bin/../lib/gcc]
    arg [-L/opt/hisi-linux/x86-arm/arm-himix100-linux/host_bin/../lib/gcc/arm-linux-uclibceabi/6.3.0/../../../../arm-linux-uclibceabi/lib] ==> dir [/opt/hisi-linux/x86-arm/arm-himix100-linux/host_bin/../lib/gcc/arm-linux-uclibceabi/6.3.0/../../../../arm-linux-uclibceabi/lib]
    arg [-L/opt/hisi-linux/x86-arm/arm-himix100-linux/host_bin/../target/lib] ==> dir [/opt/hisi-linux/x86-arm/arm-himix100-linux/host_bin/../target/lib]
    arg [-L/opt/hisi-linux/x86-arm/arm-himix100-linux/host_bin/../target/usr/lib] ==> dir [/opt/hisi-linux/x86-arm/arm-himix100-linux/host_bin/../target/usr/lib]
    arg [CMakeFiles/cmTC_952e8.dir/CMakeCXXCompilerABI.cpp.o] ==> ignore
    arg [-lstdc++] ==> lib [stdc++]
    arg [-lm] ==> lib [m]
    arg [-lgcc_s] ==> lib [gcc_s]
    arg [-lgcc] ==> lib [gcc]
    arg [-lc] ==> lib [c]
    arg [-lgcc_s] ==> lib [gcc_s]
    arg [-lgcc] ==> lib [gcc]
    arg [/opt/hisi-linux/x86-arm/arm-himix100-linux/host_bin/../lib/gcc/arm-linux-uclibceabi/6.3.0/crtend.o] ==> ignore
    arg [/opt/hisi-linux/x86-arm/arm-himix100-linux/host_bin/../target/usr/lib/crtn.o] ==> ignore
  collapse library dir [/opt/hisi-linux/x86-arm/arm-himix100-linux/host_bin/../lib/gcc/arm-linux-uclibceabi/6.3.0] ==> [/opt/hisi-linux/x86-arm/arm-himix100-linux/lib/gcc/arm-linux-uclibceabi/6.3.0]
  collapse library dir [/opt/hisi-linux/x86-arm/arm-himix100-linux/host_bin/../lib/gcc] ==> [/opt/hisi-linux/x86-arm/arm-himix100-linux/lib/gcc]
  collapse library dir [/opt/hisi-linux/x86-arm/arm-himix100-linux/host_bin/../lib/gcc/arm-linux-uclibceabi/6.3.0/../../../../arm-linux-uclibceabi/lib] ==> [/opt/hisi-linux/x86-arm/arm-himix100-linux/arm-linux-uclibceabi/lib]
  collapse library dir [/opt/hisi-linux/x86-arm/arm-himix100-linux/host_bin/../target/lib] ==> [/opt/hisi-linux/x86-arm/arm-himix100-linux/target/lib]
  collapse library dir [/opt/hisi-linux/x86-arm/arm-himix100-linux/host_bin/../target/usr/lib] ==> [/opt/hisi-linux/x86-arm/arm-himix100-linux/target/usr/lib]
  implicit libs: [stdc++;m;gcc_s;gcc;c;gcc_s;gcc]
  implicit dirs: [/opt/hisi-linux/x86-arm/arm-himix100-linux/lib/gcc/arm-linux-uclibceabi/6.3.0;/opt/hisi-linux/x86-arm/arm-himix100-linux/lib/gcc;/opt/hisi-linux/x86-arm/arm-himix100-linux/arm-linux-uclibceabi/lib;/opt/hisi-linux/x86-arm/arm-himix100-linux/target/lib;/opt/hisi-linux/x86-arm/arm-himix100-linux/target/usr/lib]
  implicit fwks: []




Detecting CXX [-std=c++1z] compiler features compiled with the following output:
Change Dir: /tmp/tmp.p86kyLP8mX/cmake-build-himix100/CMakeFiles/CMakeTmp

Run Build Command:"/usr/bin/gmake" "cmTC_0b86e/fast"
/usr/bin/gmake -f CMakeFiles/cmTC_0b86e.dir/build.make CMakeFiles/cmTC_0b86e.dir/build
gmake[1]: Entering directory `/tmp/tmp.p86kyLP8mX/cmake-build-himix100/CMakeFiles/CMakeTmp'
Building CXX object CMakeFiles/cmTC_0b86e.dir/feature_tests.cxx.o
/opt/hisi-linux/x86-arm/arm-himix100-linux/bin/arm-himix100-linux-g++    -std=c++1z -o CMakeFiles/cmTC_0b86e.dir/feature_tests.cxx.o -c /tmp/tmp.p86kyLP8mX/cmake-build-himix100/CMakeFiles/feature_tests.cxx
Linking CXX executable cmTC_0b86e
/usr/local/bin/cmake -E cmake_link_script CMakeFiles/cmTC_0b86e.dir/link.txt --verbose=1
/opt/hisi-linux/x86-arm/arm-himix100-linux/bin/arm-himix100-linux-g++       CMakeFiles/cmTC_0b86e.dir/feature_tests.cxx.o  -o cmTC_0b86e 
gmake[1]: Leaving directory `/tmp/tmp.p86kyLP8mX/cmake-build-himix100/CMakeFiles/CMakeTmp'


    Feature record: CXX_FEATURE:1cxx_aggregate_default_initializers
    Feature record: CXX_FEATURE:1cxx_alias_templates
    Feature record: CXX_FEATURE:1cxx_alignas
    Feature record: CXX_FEATURE:1cxx_alignof
    Feature record: CXX_FEATURE:1cxx_attributes
    Feature record: CXX_FEATURE:1cxx_attribute_deprecated
    Feature record: CXX_FEATURE:1cxx_auto_type
    Feature record: CXX_FEATURE:1cxx_binary_literals
    Feature record: CXX_FEATURE:1cxx_constexpr
    Feature record: CXX_FEATURE:1cxx_contextual_conversions
    Feature record: CXX_FEATURE:1cxx_decltype
    Feature record: CXX_FEATURE:1cxx_decltype_auto
    Feature record: CXX_FEATURE:1cxx_decltype_incomplete_return_types
    Feature record: CXX_FEATURE:1cxx_default_function_template_args
    Feature record: CXX_FEATURE:1cxx_defaulted_functions
    Feature record: CXX_FEATURE:1cxx_defaulted_move_initializers
    Feature record: CXX_FEATURE:1cxx_delegating_constructors
    Feature record: CXX_FEATURE:1cxx_deleted_functions
    Feature record: CXX_FEATURE:1cxx_digit_separators
    Feature record: CXX_FEATURE:1cxx_enum_forward_declarations
    Feature record: CXX_FEATURE:1cxx_explicit_conversions
    Feature record: CXX_FEATURE:1cxx_extended_friend_declarations
    Feature record: CXX_FEATURE:1cxx_extern_templates
    Feature record: CXX_FEATURE:1cxx_final
    Feature record: CXX_FEATURE:1cxx_func_identifier
    Feature record: CXX_FEATURE:1cxx_generalized_initializers
    Feature record: CXX_FEATURE:1cxx_generic_lambdas
    Feature record: CXX_FEATURE:1cxx_inheriting_constructors
    Feature record: CXX_FEATURE:1cxx_inline_namespaces
    Feature record: CXX_FEATURE:1cxx_lambdas
    Feature record: CXX_FEATURE:1cxx_lambda_init_captures
    Feature record: CXX_FEATURE:1cxx_local_type_template_args
    Feature record: CXX_FEATURE:1cxx_long_long_type
    Feature record: CXX_FEATURE:1cxx_noexcept
    Feature record: CXX_FEATURE:1cxx_nonstatic_member_init
    Feature record: CXX_FEATURE:1cxx_nullptr
    Feature record: CXX_FEATURE:1cxx_override
    Feature record: CXX_FEATURE:1cxx_range_for
    Feature record: CXX_FEATURE:1cxx_raw_string_literals
    Feature record: CXX_FEATURE:1cxx_reference_qualified_functions
    Feature record: CXX_FEATURE:1cxx_relaxed_constexpr
    Feature record: CXX_FEATURE:1cxx_return_type_deduction
    Feature record: CXX_FEATURE:1cxx_right_angle_brackets
    Feature record: CXX_FEATURE:1cxx_rvalue_references
    Feature record: CXX_FEATURE:1cxx_sizeof_member
    Feature record: CXX_FEATURE:1cxx_static_assert
    Feature record: CXX_FEATURE:1cxx_strong_enums
    Feature record: CXX_FEATURE:1cxx_template_template_parameters
    Feature record: CXX_FEATURE:1cxx_thread_local
    Feature record: CXX_FEATURE:1cxx_trailing_return_types
    Feature record: CXX_FEATURE:1cxx_unicode_literals
    Feature record: CXX_FEATURE:1cxx_uniform_initialization
    Feature record: CXX_FEATURE:1cxx_unrestricted_unions
    Feature record: CXX_FEATURE:1cxx_user_literals
    Feature record: CXX_FEATURE:1cxx_variable_templates
    Feature record: CXX_FEATURE:1cxx_variadic_macros
    Feature record: CXX_FEATURE:1cxx_variadic_templates


Detecting CXX [-std=c++14] compiler features compiled with the following output:
Change Dir: /tmp/tmp.p86kyLP8mX/cmake-build-himix100/CMakeFiles/CMakeTmp

Run Build Command:"/usr/bin/gmake" "cmTC_8a642/fast"
/usr/bin/gmake -f CMakeFiles/cmTC_8a642.dir/build.make CMakeFiles/cmTC_8a642.dir/build
gmake[1]: Entering directory `/tmp/tmp.p86kyLP8mX/cmake-build-himix100/CMakeFiles/CMakeTmp'
Building CXX object CMakeFiles/cmTC_8a642.dir/feature_tests.cxx.o
/opt/hisi-linux/x86-arm/arm-himix100-linux/bin/arm-himix100-linux-g++    -std=c++14 -o CMakeFiles/cmTC_8a642.dir/feature_tests.cxx.o -c /tmp/tmp.p86kyLP8mX/cmake-build-himix100/CMakeFiles/feature_tests.cxx
Linking CXX executable cmTC_8a642
/usr/local/bin/cmake -E cmake_link_script CMakeFiles/cmTC_8a642.dir/link.txt --verbose=1
/opt/hisi-linux/x86-arm/arm-himix100-linux/bin/arm-himix100-linux-g++       CMakeFiles/cmTC_8a642.dir/feature_tests.cxx.o  -o cmTC_8a642 
gmake[1]: Leaving directory `/tmp/tmp.p86kyLP8mX/cmake-build-himix100/CMakeFiles/CMakeTmp'


    Feature record: CXX_FEATURE:1cxx_aggregate_default_initializers
    Feature record: CXX_FEATURE:1cxx_alias_templates
    Feature record: CXX_FEATURE:1cxx_alignas
    Feature record: CXX_FEATURE:1cxx_alignof
    Feature record: CXX_FEATURE:1cxx_attributes
    Feature record: CXX_FEATURE:1cxx_attribute_deprecated
    Feature record: CXX_FEATURE:1cxx_auto_type
    Feature record: CXX_FEATURE:1cxx_binary_literals
    Feature record: CXX_FEATURE:1cxx_constexpr
    Feature record: CXX_FEATURE:1cxx_contextual_conversions
    Feature record: CXX_FEATURE:1cxx_decltype
    Feature record: CXX_FEATURE:1cxx_decltype_auto
    Feature record: CXX_FEATURE:1cxx_decltype_incomplete_return_types
    Feature record: CXX_FEATURE:1cxx_default_function_template_args
    Feature record: CXX_FEATURE:1cxx_defaulted_functions
    Feature record: CXX_FEATURE:1cxx_defaulted_move_initializers
    Feature record: CXX_FEATURE:1cxx_delegating_constructors
    Feature record: CXX_FEATURE:1cxx_deleted_functions
    Feature record: CXX_FEATURE:1cxx_digit_separators
    Feature record: CXX_FEATURE:1cxx_enum_forward_declarations
    Feature record: CXX_FEATURE:1cxx_explicit_conversions
    Feature record: CXX_FEATURE:1cxx_extended_friend_declarations
    Feature record: CXX_FEATURE:1cxx_extern_templates
    Feature record: CXX_FEATURE:1cxx_final
    Feature record: CXX_FEATURE:1cxx_func_identifier
    Feature record: CXX_FEATURE:1cxx_generalized_initializers
    Feature record: CXX_FEATURE:1cxx_generic_lambdas
    Feature record: CXX_FEATURE:1cxx_inheriting_constructors
    Feature record: CXX_FEATURE:1cxx_inline_namespaces
    Feature record: CXX_FEATURE:1cxx_lambdas
    Feature record: CXX_FEATURE:1cxx_lambda_init_captures
    Feature record: CXX_FEATURE:1cxx_local_type_template_args
    Feature record: CXX_FEATURE:1cxx_long_long_type
    Feature record: CXX_FEATURE:1cxx_noexcept
    Feature record: CXX_FEATURE:1cxx_nonstatic_member_init
    Feature record: CXX_FEATURE:1cxx_nullptr
    Feature record: CXX_FEATURE:1cxx_override
    Feature record: CXX_FEATURE:1cxx_range_for
    Feature record: CXX_FEATURE:1cxx_raw_string_literals
    Feature record: CXX_FEATURE:1cxx_reference_qualified_functions
    Feature record: CXX_FEATURE:1cxx_relaxed_constexpr
    Feature record: CXX_FEATURE:1cxx_return_type_deduction
    Feature record: CXX_FEATURE:1cxx_right_angle_brackets
    Feature record: CXX_FEATURE:1cxx_rvalue_references
    Feature record: CXX_FEATURE:1cxx_sizeof_member
    Feature record: CXX_FEATURE:1cxx_static_assert
    Feature record: CXX_FEATURE:1cxx_strong_enums
    Feature record: CXX_FEATURE:1cxx_template_template_parameters
    Feature record: CXX_FEATURE:1cxx_thread_local
    Feature record: CXX_FEATURE:1cxx_trailing_return_types
    Feature record: CXX_FEATURE:1cxx_unicode_literals
    Feature record: CXX_FEATURE:1cxx_uniform_initialization
    Feature record: CXX_FEATURE:1cxx_unrestricted_unions
    Feature record: CXX_FEATURE:1cxx_user_literals
    Feature record: CXX_FEATURE:1cxx_variable_templates
    Feature record: CXX_FEATURE:1cxx_variadic_macros
    Feature record: CXX_FEATURE:1cxx_variadic_templates


Detecting CXX [-std=c++11] compiler features compiled with the following output:
Change Dir: /tmp/tmp.p86kyLP8mX/cmake-build-himix100/CMakeFiles/CMakeTmp

Run Build Command:"/usr/bin/gmake" "cmTC_08fb6/fast"
/usr/bin/gmake -f CMakeFiles/cmTC_08fb6.dir/build.make CMakeFiles/cmTC_08fb6.dir/build
gmake[1]: Entering directory `/tmp/tmp.p86kyLP8mX/cmake-build-himix100/CMakeFiles/CMakeTmp'
Building CXX object CMakeFiles/cmTC_08fb6.dir/feature_tests.cxx.o
/opt/hisi-linux/x86-arm/arm-himix100-linux/bin/arm-himix100-linux-g++    -std=c++11 -o CMakeFiles/cmTC_08fb6.dir/feature_tests.cxx.o -c /tmp/tmp.p86kyLP8mX/cmake-build-himix100/CMakeFiles/feature_tests.cxx
Linking CXX executable cmTC_08fb6
/usr/local/bin/cmake -E cmake_link_script CMakeFiles/cmTC_08fb6.dir/link.txt --verbose=1
/opt/hisi-linux/x86-arm/arm-himix100-linux/bin/arm-himix100-linux-g++       CMakeFiles/cmTC_08fb6.dir/feature_tests.cxx.o  -o cmTC_08fb6 
gmake[1]: Leaving directory `/tmp/tmp.p86kyLP8mX/cmake-build-himix100/CMakeFiles/CMakeTmp'


    Feature record: CXX_FEATURE:0cxx_aggregate_default_initializers
    Feature record: CXX_FEATURE:1cxx_alias_templates
    Feature record: CXX_FEATURE:1cxx_alignas
    Feature record: CXX_FEATURE:1cxx_alignof
    Feature record: CXX_FEATURE:1cxx_attributes
    Feature record: CXX_FEATURE:0cxx_attribute_deprecated
    Feature record: CXX_FEATURE:1cxx_auto_type
    Feature record: CXX_FEATURE:0cxx_binary_literals
    Feature record: CXX_FEATURE:1cxx_constexpr
    Feature record: CXX_FEATURE:0cxx_contextual_conversions
    Feature record: CXX_FEATURE:1cxx_decltype
    Feature record: CXX_FEATURE:0cxx_decltype_auto
    Feature record: CXX_FEATURE:1cxx_decltype_incomplete_return_types
    Feature record: CXX_FEATURE:1cxx_default_function_template_args
    Feature record: CXX_FEATURE:1cxx_defaulted_functions
    Feature record: CXX_FEATURE:1cxx_defaulted_move_initializers
    Feature record: CXX_FEATURE:1cxx_delegating_constructors
    Feature record: CXX_FEATURE:1cxx_deleted_functions
    Feature record: CXX_FEATURE:0cxx_digit_separators
    Feature record: CXX_FEATURE:1cxx_enum_forward_declarations
    Feature record: CXX_FEATURE:1cxx_explicit_conversions
    Feature record: CXX_FEATURE:1cxx_extended_friend_declarations
    Feature record: CXX_FEATURE:1cxx_extern_templates
    Feature record: CXX_FEATURE:1cxx_final
    Feature record: CXX_FEATURE:1cxx_func_identifier
    Feature record: CXX_FEATURE:1cxx_generalized_initializers
    Feature record: CXX_FEATURE:0cxx_generic_lambdas
    Feature record: CXX_FEATURE:1cxx_inheriting_constructors
    Feature record: CXX_FEATURE:1cxx_inline_namespaces
    Feature record: CXX_FEATURE:1cxx_lambdas
    Feature record: CXX_FEATURE:0cxx_lambda_init_captures
    Feature record: CXX_FEATURE:1cxx_local_type_template_args
    Feature record: CXX_FEATURE:1cxx_long_long_type
    Feature record: CXX_FEATURE:1cxx_noexcept
    Feature record: CXX_FEATURE:1cxx_nonstatic_member_init
    Feature record: CXX_FEATURE:1cxx_nullptr
    Feature record: CXX_FEATURE:1cxx_override
    Feature record: CXX_FEATURE:1cxx_range_for
    Feature record: CXX_FEATURE:1cxx_raw_string_literals
    Feature record: CXX_FEATURE:1cxx_reference_qualified_functions
    Feature record: CXX_FEATURE:0cxx_relaxed_constexpr
    Feature record: CXX_FEATURE:0cxx_return_type_deduction
    Feature record: CXX_FEATURE:1cxx_right_angle_brackets
    Feature record: CXX_FEATURE:1cxx_rvalue_references
    Feature record: CXX_FEATURE:1cxx_sizeof_member
    Feature record: CXX_FEATURE:1cxx_static_assert
    Feature record: CXX_FEATURE:1cxx_strong_enums
    Feature record: CXX_FEATURE:1cxx_template_template_parameters
    Feature record: CXX_FEATURE:1cxx_thread_local
    Feature record: CXX_FEATURE:1cxx_trailing_return_types
    Feature record: CXX_FEATURE:1cxx_unicode_literals
    Feature record: CXX_FEATURE:1cxx_uniform_initialization
    Feature record: CXX_FEATURE:1cxx_unrestricted_unions
    Feature record: CXX_FEATURE:1cxx_user_literals
    Feature record: CXX_FEATURE:0cxx_variable_templates
    Feature record: CXX_FEATURE:1cxx_variadic_macros
    Feature record: CXX_FEATURE:1cxx_variadic_templates


Detecting CXX [-std=c++98] compiler features compiled with the following output:
Change Dir: /tmp/tmp.p86kyLP8mX/cmake-build-himix100/CMakeFiles/CMakeTmp

Run Build Command:"/usr/bin/gmake" "cmTC_61574/fast"
/usr/bin/gmake -f CMakeFiles/cmTC_61574.dir/build.make CMakeFiles/cmTC_61574.dir/build
gmake[1]: Entering directory `/tmp/tmp.p86kyLP8mX/cmake-build-himix100/CMakeFiles/CMakeTmp'
Building CXX object CMakeFiles/cmTC_61574.dir/feature_tests.cxx.o
/opt/hisi-linux/x86-arm/arm-himix100-linux/bin/arm-himix100-linux-g++    -std=c++98 -o CMakeFiles/cmTC_61574.dir/feature_tests.cxx.o -c /tmp/tmp.p86kyLP8mX/cmake-build-himix100/CMakeFiles/feature_tests.cxx
Linking CXX executable cmTC_61574
/usr/local/bin/cmake -E cmake_link_script CMakeFiles/cmTC_61574.dir/link.txt --verbose=1
/opt/hisi-linux/x86-arm/arm-himix100-linux/bin/arm-himix100-linux-g++       CMakeFiles/cmTC_61574.dir/feature_tests.cxx.o  -o cmTC_61574 
gmake[1]: Leaving directory `/tmp/tmp.p86kyLP8mX/cmake-build-himix100/CMakeFiles/CMakeTmp'


    Feature record: CXX_FEATURE:0cxx_aggregate_default_initializers
    Feature record: CXX_FEATURE:0cxx_alias_templates
    Feature record: CXX_FEATURE:0cxx_alignas
    Feature record: CXX_FEATURE:0cxx_alignof
    Feature record: CXX_FEATURE:0cxx_attributes
    Feature record: CXX_FEATURE:0cxx_attribute_deprecated
    Feature record: CXX_FEATURE:0cxx_auto_type
    Feature record: CXX_FEATURE:0cxx_binary_literals
    Feature record: CXX_FEATURE:0cxx_constexpr
    Feature record: CXX_FEATURE:0cxx_contextual_conversions
    Feature record: CXX_FEATURE:0cxx_decltype
    Feature record: CXX_FEATURE:0cxx_decltype_auto
    Feature record: CXX_FEATURE:0cxx_decltype_incomplete_return_types
    Feature record: CXX_FEATURE:0cxx_default_function_template_args
    Feature record: CXX_FEATURE:0cxx_defaulted_functions
    Feature record: CXX_FEATURE:0cxx_defaulted_move_initializers
    Feature record: CXX_FEATURE:0cxx_delegating_constructors
    Feature record: CXX_FEATURE:0cxx_deleted_functions
    Feature record: CXX_FEATURE:0cxx_digit_separators
    Feature record: CXX_FEATURE:0cxx_enum_forward_declarations
    Feature record: CXX_FEATURE:0cxx_explicit_conversions
    Feature record: CXX_FEATURE:0cxx_extended_friend_declarations
    Feature record: CXX_FEATURE:0cxx_extern_templates
    Feature record: CXX_FEATURE:0cxx_final
    Feature record: CXX_FEATURE:0cxx_func_identifier
    Feature record: CXX_FEATURE:0cxx_generalized_initializers
    Feature record: CXX_FEATURE:0cxx_generic_lambdas
    Feature record: CXX_FEATURE:0cxx_inheriting_constructors
    Feature record: CXX_FEATURE:0cxx_inline_namespaces
    Feature record: CXX_FEATURE:0cxx_lambdas
    Feature record: CXX_FEATURE:0cxx_lambda_init_captures
    Feature record: CXX_FEATURE:0cxx_local_type_template_args
    Feature record: CXX_FEATURE:0cxx_long_long_type
    Feature record: CXX_FEATURE:0cxx_noexcept
    Feature record: CXX_FEATURE:0cxx_nonstatic_member_init
    Feature record: CXX_FEATURE:0cxx_nullptr
    Feature record: CXX_FEATURE:0cxx_override
    Feature record: CXX_FEATURE:0cxx_range_for
    Feature record: CXX_FEATURE:0cxx_raw_string_literals
    Feature record: CXX_FEATURE:0cxx_reference_qualified_functions
    Feature record: CXX_FEATURE:0cxx_relaxed_constexpr
    Feature record: CXX_FEATURE:0cxx_return_type_deduction
    Feature record: CXX_FEATURE:0cxx_right_angle_brackets
    Feature record: CXX_FEATURE:0cxx_rvalue_references
    Feature record: CXX_FEATURE:0cxx_sizeof_member
    Feature record: CXX_FEATURE:0cxx_static_assert
    Feature record: CXX_FEATURE:0cxx_strong_enums
    Feature record: CXX_FEATURE:1cxx_template_template_parameters
    Feature record: CXX_FEATURE:0cxx_thread_local
    Feature record: CXX_FEATURE:0cxx_trailing_return_types
    Feature record: CXX_FEATURE:0cxx_unicode_literals
    Feature record: CXX_FEATURE:0cxx_uniform_initialization
    Feature record: CXX_FEATURE:0cxx_unrestricted_unions
    Feature record: CXX_FEATURE:0cxx_user_literals
    Feature record: CXX_FEATURE:0cxx_variable_templates
    Feature record: CXX_FEATURE:0cxx_variadic_macros
    Feature record: CXX_FEATURE:0cxx_variadic_templates
